
AVRASM ver. 2.1.30  E:\Documents\cavr\lm35\Debug\List\lm35.asm Mon Jan 09 10:43:02 2023

E:\Documents\cavr\lm35\Debug\List\lm35.asm(1088): warning: Register r4 already defined by the .DEF directive
E:\Documents\cavr\lm35\Debug\List\lm35.asm(1089): warning: Register r5 already defined by the .DEF directive
E:\Documents\cavr\lm35\Debug\List\lm35.asm(1090): warning: Register r7 already defined by the .DEF directive
E:\Documents\cavr\lm35\Debug\List\lm35.asm(1091): warning: Register r6 already defined by the .DEF directive
E:\Documents\cavr\lm35\Debug\List\lm35.asm(1092): warning: Register r9 already defined by the .DEF directive
                 
                 
                 ;CodeVisionAVR C Compiler V3.12 Advanced
                 ;(C) Copyright 1998-2014 Pavel Haiduc, HP InfoTech s.r.l.
                 ;http://www.hpinfotech.com
                 
                 ;Build configuration    : Debug
                 ;Chip type              : ATmega32
                 ;Program type           : Application
                 ;Clock frequency        : 1.000000 MHz
                 ;Memory model           : Small
                 ;Optimize for           : Size
                 ;(s)printf features     : int, width
                 ;(s)scanf features      : int, width
                 ;External RAM size      : 0
                 ;Data Stack size        : 512 byte(s)
                 ;Heap size              : 0 byte(s)
                 ;Promote 'char' to 'int': Yes
                 ;'char' is unsigned     : Yes
                 ;8 bit enums            : Yes
                 ;Global 'const' stored in FLASH: Yes
                 ;Enhanced function parameter passing: Yes
                 ;Enhanced core instructions: On
                 ;Automatic register allocation for global variables: On
                 ;Smart register allocation: On
                 
                 	#define _MODEL_SMALL_
                 
                 	#pragma AVRPART ADMIN PART_NAME ATmega32
                 	#pragma AVRPART MEMORY PROG_FLASH 32768
                 	#pragma AVRPART MEMORY EEPROM 1024
                 	#pragma AVRPART MEMORY INT_SRAM SIZE 2048
                 	#pragma AVRPART MEMORY INT_SRAM START_ADDR 0x60
                 
                 	#define CALL_SUPPORTED 1
                 
                 	.LISTMAC
                 	.EQU UDRE=0x5
                 	.EQU RXC=0x7
                 	.EQU USR=0xB
                 	.EQU UDR=0xC
                 	.EQU SPSR=0xE
                 	.EQU SPDR=0xF
                 	.EQU EERE=0x0
                 	.EQU EEWE=0x1
                 	.EQU EEMWE=0x2
                 	.EQU EECR=0x1C
                 	.EQU EEDR=0x1D
                 	.EQU EEARL=0x1E
                 	.EQU EEARH=0x1F
                 	.EQU WDTCR=0x21
                 	.EQU MCUCR=0x35
                 	.EQU GICR=0x3B
                 	.EQU SPL=0x3D
                 	.EQU SPH=0x3E
                 	.EQU SREG=0x3F
                 
                 	.DEF R0X0=R0
                 	.DEF R0X1=R1
                 	.DEF R0X2=R2
                 	.DEF R0X3=R3
                 	.DEF R0X4=R4
                 	.DEF R0X5=R5
                 	.DEF R0X6=R6
                 	.DEF R0X7=R7
                 	.DEF R0X8=R8
                 	.DEF R0X9=R9
                 	.DEF R0XA=R10
                 	.DEF R0XB=R11
                 	.DEF R0XC=R12
                 	.DEF R0XD=R13
                 	.DEF R0XE=R14
                 	.DEF R0XF=R15
                 	.DEF R0X10=R16
                 	.DEF R0X11=R17
                 	.DEF R0X12=R18
                 	.DEF R0X13=R19
                 	.DEF R0X14=R20
                 	.DEF R0X15=R21
                 	.DEF R0X16=R22
                 	.DEF R0X17=R23
                 	.DEF R0X18=R24
                 	.DEF R0X19=R25
                 	.DEF R0X1A=R26
                 	.DEF R0X1B=R27
                 	.DEF R0X1C=R28
                 	.DEF R0X1D=R29
                 	.DEF R0X1E=R30
                 	.DEF R0X1F=R31
                 
                 	.EQU __SRAM_START=0x0060
                 	.EQU __SRAM_END=0x085F
                 	.EQU __DSTACK_SIZE=0x0200
                 	.EQU __HEAP_SIZE=0x0000
                 	.EQU __CLEAR_SRAM_SIZE=__SRAM_END-__SRAM_START+1
                 
                 	.MACRO __CPD1N
                 	CPI  R30,LOW(@0)
                 	LDI  R26,HIGH(@0)
                 	CPC  R31,R26
                 	LDI  R26,BYTE3(@0)
                 	CPC  R22,R26
                 	LDI  R26,BYTE4(@0)
                 	CPC  R23,R26
                 	.ENDM
                 
                 	.MACRO __CPD2N
                 	CPI  R26,LOW(@0)
                 	LDI  R30,HIGH(@0)
                 	CPC  R27,R30
                 	LDI  R30,BYTE3(@0)
                 	CPC  R24,R30
                 	LDI  R30,BYTE4(@0)
                 	CPC  R25,R30
                 	.ENDM
                 
                 	.MACRO __CPWRR
                 	CP   R@0,R@2
                 	CPC  R@1,R@3
                 	.ENDM
                 
                 	.MACRO __CPWRN
                 	CPI  R@0,LOW(@2)
                 	LDI  R30,HIGH(@2)
                 	CPC  R@1,R30
                 	.ENDM
                 
                 	.MACRO __ADDB1MN
                 	SUBI R30,LOW(-@0-(@1))
                 	.ENDM
                 
                 	.MACRO __ADDB2MN
                 	SUBI R26,LOW(-@0-(@1))
                 	.ENDM
                 
                 	.MACRO __ADDW1MN
                 	SUBI R30,LOW(-@0-(@1))
                 	SBCI R31,HIGH(-@0-(@1))
                 	.ENDM
                 
                 	.MACRO __ADDW2MN
                 	SUBI R26,LOW(-@0-(@1))
                 	SBCI R27,HIGH(-@0-(@1))
                 	.ENDM
                 
                 	.MACRO __ADDW1FN
                 	SUBI R30,LOW(-2*@0-(@1))
                 	SBCI R31,HIGH(-2*@0-(@1))
                 	.ENDM
                 
                 	.MACRO __ADDD1FN
                 	SUBI R30,LOW(-2*@0-(@1))
                 	SBCI R31,HIGH(-2*@0-(@1))
                 	SBCI R22,BYTE3(-2*@0-(@1))
                 	.ENDM
                 
                 	.MACRO __ADDD1N
                 	SUBI R30,LOW(-@0)
                 	SBCI R31,HIGH(-@0)
                 	SBCI R22,BYTE3(-@0)
                 	SBCI R23,BYTE4(-@0)
                 	.ENDM
                 
                 	.MACRO __ADDD2N
                 	SUBI R26,LOW(-@0)
                 	SBCI R27,HIGH(-@0)
                 	SBCI R24,BYTE3(-@0)
                 	SBCI R25,BYTE4(-@0)
                 	.ENDM
                 
                 	.MACRO __SUBD1N
                 	SUBI R30,LOW(@0)
                 	SBCI R31,HIGH(@0)
                 	SBCI R22,BYTE3(@0)
                 	SBCI R23,BYTE4(@0)
                 	.ENDM
                 
                 	.MACRO __SUBD2N
                 	SUBI R26,LOW(@0)
                 	SBCI R27,HIGH(@0)
                 	SBCI R24,BYTE3(@0)
                 	SBCI R25,BYTE4(@0)
                 	.ENDM
                 
                 	.MACRO __ANDBMNN
                 	LDS  R30,@0+(@1)
                 	ANDI R30,LOW(@2)
                 	STS  @0+(@1),R30
                 	.ENDM
                 
                 	.MACRO __ANDWMNN
                 	LDS  R30,@0+(@1)
                 	ANDI R30,LOW(@2)
                 	STS  @0+(@1),R30
                 	LDS  R30,@0+(@1)+1
                 	ANDI R30,HIGH(@2)
                 	STS  @0+(@1)+1,R30
                 	.ENDM
                 
                 	.MACRO __ANDD1N
                 	ANDI R30,LOW(@0)
                 	ANDI R31,HIGH(@0)
                 	ANDI R22,BYTE3(@0)
                 	ANDI R23,BYTE4(@0)
                 	.ENDM
                 
                 	.MACRO __ANDD2N
                 	ANDI R26,LOW(@0)
                 	ANDI R27,HIGH(@0)
                 	ANDI R24,BYTE3(@0)
                 	ANDI R25,BYTE4(@0)
                 	.ENDM
                 
                 	.MACRO __ORBMNN
                 	LDS  R30,@0+(@1)
                 	ORI  R30,LOW(@2)
                 	STS  @0+(@1),R30
                 	.ENDM
                 
                 	.MACRO __ORWMNN
                 	LDS  R30,@0+(@1)
                 	ORI  R30,LOW(@2)
                 	STS  @0+(@1),R30
                 	LDS  R30,@0+(@1)+1
                 	ORI  R30,HIGH(@2)
                 	STS  @0+(@1)+1,R30
                 	.ENDM
                 
                 	.MACRO __ORD1N
                 	ORI  R30,LOW(@0)
                 	ORI  R31,HIGH(@0)
                 	ORI  R22,BYTE3(@0)
                 	ORI  R23,BYTE4(@0)
                 	.ENDM
                 
                 	.MACRO __ORD2N
                 	ORI  R26,LOW(@0)
                 	ORI  R27,HIGH(@0)
                 	ORI  R24,BYTE3(@0)
                 	ORI  R25,BYTE4(@0)
                 	.ENDM
                 
                 	.MACRO __DELAY_USB
                 	LDI  R24,LOW(@0)
                 __DELAY_USB_LOOP:
                 	DEC  R24
                 	BRNE __DELAY_USB_LOOP
                 	.ENDM
                 
                 	.MACRO __DELAY_USW
                 	LDI  R24,LOW(@0)
                 	LDI  R25,HIGH(@0)
                 __DELAY_USW_LOOP:
                 	SBIW R24,1
                 	BRNE __DELAY_USW_LOOP
                 	.ENDM
                 
                 	.MACRO __GETD1S
                 	LDD  R30,Y+@0
                 	LDD  R31,Y+@0+1
                 	LDD  R22,Y+@0+2
                 	LDD  R23,Y+@0+3
                 	.ENDM
                 
                 	.MACRO __GETD2S
                 	LDD  R26,Y+@0
                 	LDD  R27,Y+@0+1
                 	LDD  R24,Y+@0+2
                 	LDD  R25,Y+@0+3
                 	.ENDM
                 
                 	.MACRO __PUTD1S
                 	STD  Y+@0,R30
                 	STD  Y+@0+1,R31
                 	STD  Y+@0+2,R22
                 	STD  Y+@0+3,R23
                 	.ENDM
                 
                 	.MACRO __PUTD2S
                 	STD  Y+@0,R26
                 	STD  Y+@0+1,R27
                 	STD  Y+@0+2,R24
                 	STD  Y+@0+3,R25
                 	.ENDM
                 
                 	.MACRO __PUTDZ2
                 	STD  Z+@0,R26
                 	STD  Z+@0+1,R27
                 	STD  Z+@0+2,R24
                 	STD  Z+@0+3,R25
                 	.ENDM
                 
                 	.MACRO __CLRD1S
                 	STD  Y+@0,R30
                 	STD  Y+@0+1,R30
                 	STD  Y+@0+2,R30
                 	STD  Y+@0+3,R30
                 	.ENDM
                 
                 	.MACRO __POINTB1MN
                 	LDI  R30,LOW(@0+(@1))
                 	.ENDM
                 
                 	.MACRO __POINTW1MN
                 	LDI  R30,LOW(@0+(@1))
                 	LDI  R31,HIGH(@0+(@1))
                 	.ENDM
                 
                 	.MACRO __POINTD1M
                 	LDI  R30,LOW(@0)
                 	LDI  R31,HIGH(@0)
                 	LDI  R22,BYTE3(@0)
                 	LDI  R23,BYTE4(@0)
                 	.ENDM
                 
                 	.MACRO __POINTW1FN
                 	LDI  R30,LOW(2*@0+(@1))
                 	LDI  R31,HIGH(2*@0+(@1))
                 	.ENDM
                 
                 	.MACRO __POINTD1FN
                 	LDI  R30,LOW(2*@0+(@1))
                 	LDI  R31,HIGH(2*@0+(@1))
                 	LDI  R22,BYTE3(2*@0+(@1))
                 	LDI  R23,BYTE4(2*@0+(@1))
                 	.ENDM
                 
                 	.MACRO __POINTB2MN
                 	LDI  R26,LOW(@0+(@1))
                 	.ENDM
                 
                 	.MACRO __POINTW2MN
                 	LDI  R26,LOW(@0+(@1))
                 	LDI  R27,HIGH(@0+(@1))
                 	.ENDM
                 
                 	.MACRO __POINTW2FN
                 	LDI  R26,LOW(2*@0+(@1))
                 	LDI  R27,HIGH(2*@0+(@1))
                 	.ENDM
                 
                 	.MACRO __POINTD2FN
                 	LDI  R26,LOW(2*@0+(@1))
                 	LDI  R27,HIGH(2*@0+(@1))
                 	LDI  R24,BYTE3(2*@0+(@1))
                 	LDI  R25,BYTE4(2*@0+(@1))
                 	.ENDM
                 
                 	.MACRO __POINTBRM
                 	LDI  R@0,LOW(@1)
                 	.ENDM
                 
                 	.MACRO __POINTWRM
                 	LDI  R@0,LOW(@2)
                 	LDI  R@1,HIGH(@2)
                 	.ENDM
                 
                 	.MACRO __POINTBRMN
                 	LDI  R@0,LOW(@1+(@2))
                 	.ENDM
                 
                 	.MACRO __POINTWRMN
                 	LDI  R@0,LOW(@2+(@3))
                 	LDI  R@1,HIGH(@2+(@3))
                 	.ENDM
                 
                 	.MACRO __POINTWRFN
                 	LDI  R@0,LOW(@2*2+(@3))
                 	LDI  R@1,HIGH(@2*2+(@3))
                 	.ENDM
                 
                 	.MACRO __GETD1N
                 	LDI  R30,LOW(@0)
                 	LDI  R31,HIGH(@0)
                 	LDI  R22,BYTE3(@0)
                 	LDI  R23,BYTE4(@0)
                 	.ENDM
                 
                 	.MACRO __GETD2N
                 	LDI  R26,LOW(@0)
                 	LDI  R27,HIGH(@0)
                 	LDI  R24,BYTE3(@0)
                 	LDI  R25,BYTE4(@0)
                 	.ENDM
                 
                 	.MACRO __GETB1MN
                 	LDS  R30,@0+(@1)
                 	.ENDM
                 
                 	.MACRO __GETB1HMN
                 	LDS  R31,@0+(@1)
                 	.ENDM
                 
                 	.MACRO __GETW1MN
                 	LDS  R30,@0+(@1)
                 	LDS  R31,@0+(@1)+1
                 	.ENDM
                 
                 	.MACRO __GETD1MN
                 	LDS  R30,@0+(@1)
                 	LDS  R31,@0+(@1)+1
                 	LDS  R22,@0+(@1)+2
                 	LDS  R23,@0+(@1)+3
                 	.ENDM
                 
                 	.MACRO __GETBRMN
                 	LDS  R@0,@1+(@2)
                 	.ENDM
                 
                 	.MACRO __GETWRMN
                 	LDS  R@0,@2+(@3)
                 	LDS  R@1,@2+(@3)+1
                 	.ENDM
                 
                 	.MACRO __GETWRZ
                 	LDD  R@0,Z+@2
                 	LDD  R@1,Z+@2+1
                 	.ENDM
                 
                 	.MACRO __GETD2Z
                 	LDD  R26,Z+@0
                 	LDD  R27,Z+@0+1
                 	LDD  R24,Z+@0+2
                 	LDD  R25,Z+@0+3
                 	.ENDM
                 
                 	.MACRO __GETB2MN
                 	LDS  R26,@0+(@1)
                 	.ENDM
                 
                 	.MACRO __GETW2MN
                 	LDS  R26,@0+(@1)
                 	LDS  R27,@0+(@1)+1
                 	.ENDM
                 
                 	.MACRO __GETD2MN
                 	LDS  R26,@0+(@1)
                 	LDS  R27,@0+(@1)+1
                 	LDS  R24,@0+(@1)+2
                 	LDS  R25,@0+(@1)+3
                 	.ENDM
                 
                 	.MACRO __PUTB1MN
                 	STS  @0+(@1),R30
                 	.ENDM
                 
                 	.MACRO __PUTW1MN
                 	STS  @0+(@1),R30
                 	STS  @0+(@1)+1,R31
                 	.ENDM
                 
                 	.MACRO __PUTD1MN
                 	STS  @0+(@1),R30
                 	STS  @0+(@1)+1,R31
                 	STS  @0+(@1)+2,R22
                 	STS  @0+(@1)+3,R23
                 	.ENDM
                 
                 	.MACRO __PUTB1EN
                 	LDI  R26,LOW(@0+(@1))
                 	LDI  R27,HIGH(@0+(@1))
                 	CALL __EEPROMWRB
                 	.ENDM
                 
                 	.MACRO __PUTW1EN
                 	LDI  R26,LOW(@0+(@1))
                 	LDI  R27,HIGH(@0+(@1))
                 	CALL __EEPROMWRW
                 	.ENDM
                 
                 	.MACRO __PUTD1EN
                 	LDI  R26,LOW(@0+(@1))
                 	LDI  R27,HIGH(@0+(@1))
                 	CALL __EEPROMWRD
                 	.ENDM
                 
                 	.MACRO __PUTBR0MN
                 	STS  @0+(@1),R0
                 	.ENDM
                 
                 	.MACRO __PUTBMRN
                 	STS  @0+(@1),R@2
                 	.ENDM
                 
                 	.MACRO __PUTWMRN
                 	STS  @0+(@1),R@2
                 	STS  @0+(@1)+1,R@3
                 	.ENDM
                 
                 	.MACRO __PUTBZR
                 	STD  Z+@1,R@0
                 	.ENDM
                 
                 	.MACRO __PUTWZR
                 	STD  Z+@2,R@0
                 	STD  Z+@2+1,R@1
                 	.ENDM
                 
                 	.MACRO __GETW1R
                 	MOV  R30,R@0
                 	MOV  R31,R@1
                 	.ENDM
                 
                 	.MACRO __GETW2R
                 	MOV  R26,R@0
                 	MOV  R27,R@1
                 	.ENDM
                 
                 	.MACRO __GETWRN
                 	LDI  R@0,LOW(@2)
                 	LDI  R@1,HIGH(@2)
                 	.ENDM
                 
                 	.MACRO __PUTW1R
                 	MOV  R@0,R30
                 	MOV  R@1,R31
                 	.ENDM
                 
                 	.MACRO __PUTW2R
                 	MOV  R@0,R26
                 	MOV  R@1,R27
                 	.ENDM
                 
                 	.MACRO __ADDWRN
                 	SUBI R@0,LOW(-@2)
                 	SBCI R@1,HIGH(-@2)
                 	.ENDM
                 
                 	.MACRO __ADDWRR
                 	ADD  R@0,R@2
                 	ADC  R@1,R@3
                 	.ENDM
                 
                 	.MACRO __SUBWRN
                 	SUBI R@0,LOW(@2)
                 	SBCI R@1,HIGH(@2)
                 	.ENDM
                 
                 	.MACRO __SUBWRR
                 	SUB  R@0,R@2
                 	SBC  R@1,R@3
                 	.ENDM
                 
                 	.MACRO __ANDWRN
                 	ANDI R@0,LOW(@2)
                 	ANDI R@1,HIGH(@2)
                 	.ENDM
                 
                 	.MACRO __ANDWRR
                 	AND  R@0,R@2
                 	AND  R@1,R@3
                 	.ENDM
                 
                 	.MACRO __ORWRN
                 	ORI  R@0,LOW(@2)
                 	ORI  R@1,HIGH(@2)
                 	.ENDM
                 
                 	.MACRO __ORWRR
                 	OR   R@0,R@2
                 	OR   R@1,R@3
                 	.ENDM
                 
                 	.MACRO __EORWRR
                 	EOR  R@0,R@2
                 	EOR  R@1,R@3
                 	.ENDM
                 
                 	.MACRO __GETWRS
                 	LDD  R@0,Y+@2
                 	LDD  R@1,Y+@2+1
                 	.ENDM
                 
                 	.MACRO __PUTBSR
                 	STD  Y+@1,R@0
                 	.ENDM
                 
                 	.MACRO __PUTWSR
                 	STD  Y+@2,R@0
                 	STD  Y+@2+1,R@1
                 	.ENDM
                 
                 	.MACRO __MOVEWRR
                 	MOV  R@0,R@2
                 	MOV  R@1,R@3
                 	.ENDM
                 
                 	.MACRO __INWR
                 	IN   R@0,@2
                 	IN   R@1,@2+1
                 	.ENDM
                 
                 	.MACRO __OUTWR
                 	OUT  @2+1,R@1
                 	OUT  @2,R@0
                 	.ENDM
                 
                 	.MACRO __CALL1MN
                 	LDS  R30,@0+(@1)
                 	LDS  R31,@0+(@1)+1
                 	ICALL
                 	.ENDM
                 
                 	.MACRO __CALL1FN
                 	LDI  R30,LOW(2*@0+(@1))
                 	LDI  R31,HIGH(2*@0+(@1))
                 	CALL __GETW1PF
                 	ICALL
                 	.ENDM
                 
                 	.MACRO __CALL2EN
                 	PUSH R26
                 	PUSH R27
                 	LDI  R26,LOW(@0+(@1))
                 	LDI  R27,HIGH(@0+(@1))
                 	CALL __EEPROMRDW
                 	POP  R27
                 	POP  R26
                 	ICALL
                 	.ENDM
                 
                 	.MACRO __CALL2EX
                 	SUBI R26,LOW(-@0)
                 	SBCI R27,HIGH(-@0)
                 	CALL __EEPROMRDD
                 	ICALL
                 	.ENDM
                 
                 	.MACRO __GETW1STACK
                 	IN   R30,SPL
                 	IN   R31,SPH
                 	ADIW R30,@0+1
                 	LD   R0,Z+
                 	LD   R31,Z
                 	MOV  R30,R0
                 	.ENDM
                 
                 	.MACRO __GETD1STACK
                 	IN   R30,SPL
                 	IN   R31,SPH
                 	ADIW R30,@0+1
                 	LD   R0,Z+
                 	LD   R1,Z+
                 	LD   R22,Z
                 	MOVW R30,R0
                 	.ENDM
                 
                 	.MACRO __NBST
                 	BST  R@0,@1
                 	IN   R30,SREG
                 	LDI  R31,0x40
                 	EOR  R30,R31
                 	OUT  SREG,R30
                 	.ENDM
                 
                 
                 	.MACRO __PUTB1SN
                 	LDD  R26,Y+@0
                 	LDD  R27,Y+@0+1
                 	SUBI R26,LOW(-@1)
                 	SBCI R27,HIGH(-@1)
                 	ST   X,R30
                 	.ENDM
                 
                 	.MACRO __PUTW1SN
                 	LDD  R26,Y+@0
                 	LDD  R27,Y+@0+1
                 	SUBI R26,LOW(-@1)
                 	SBCI R27,HIGH(-@1)
                 	ST   X+,R30
                 	ST   X,R31
                 	.ENDM
                 
                 	.MACRO __PUTD1SN
                 	LDD  R26,Y+@0
                 	LDD  R27,Y+@0+1
                 	SUBI R26,LOW(-@1)
                 	SBCI R27,HIGH(-@1)
                 	CALL __PUTDP1
                 	.ENDM
                 
                 	.MACRO __PUTB1SNS
                 	LDD  R26,Y+@0
                 	LDD  R27,Y+@0+1
                 	ADIW R26,@1
                 	ST   X,R30
                 	.ENDM
                 
                 	.MACRO __PUTW1SNS
                 	LDD  R26,Y+@0
                 	LDD  R27,Y+@0+1
                 	ADIW R26,@1
                 	ST   X+,R30
                 	ST   X,R31
                 	.ENDM
                 
                 	.MACRO __PUTD1SNS
                 	LDD  R26,Y+@0
                 	LDD  R27,Y+@0+1
                 	ADIW R26,@1
                 	CALL __PUTDP1
                 	.ENDM
                 
                 	.MACRO __PUTB1PMN
                 	LDS  R26,@0
                 	LDS  R27,@0+1
                 	SUBI R26,LOW(-@1)
                 	SBCI R27,HIGH(-@1)
                 	ST   X,R30
                 	.ENDM
                 
                 	.MACRO __PUTW1PMN
                 	LDS  R26,@0
                 	LDS  R27,@0+1
                 	SUBI R26,LOW(-@1)
                 	SBCI R27,HIGH(-@1)
                 	ST   X+,R30
                 	ST   X,R31
                 	.ENDM
                 
                 	.MACRO __PUTD1PMN
                 	LDS  R26,@0
                 	LDS  R27,@0+1
                 	SUBI R26,LOW(-@1)
                 	SBCI R27,HIGH(-@1)
                 	CALL __PUTDP1
                 	.ENDM
                 
                 	.MACRO __PUTB1PMNS
                 	LDS  R26,@0
                 	LDS  R27,@0+1
                 	ADIW R26,@1
                 	ST   X,R30
                 	.ENDM
                 
                 	.MACRO __PUTW1PMNS
                 	LDS  R26,@0
                 	LDS  R27,@0+1
                 	ADIW R26,@1
                 	ST   X+,R30
                 	ST   X,R31
                 	.ENDM
                 
                 	.MACRO __PUTD1PMNS
                 	LDS  R26,@0
                 	LDS  R27,@0+1
                 	ADIW R26,@1
                 	CALL __PUTDP1
                 	.ENDM
                 
                 	.MACRO __PUTB1RN
                 	MOVW R26,R@0
                 	SUBI R26,LOW(-@1)
                 	SBCI R27,HIGH(-@1)
                 	ST   X,R30
                 	.ENDM
                 
                 	.MACRO __PUTW1RN
                 	MOVW R26,R@0
                 	SUBI R26,LOW(-@1)
                 	SBCI R27,HIGH(-@1)
                 	ST   X+,R30
                 	ST   X,R31
                 	.ENDM
                 
                 	.MACRO __PUTD1RN
                 	MOVW R26,R@0
                 	SUBI R26,LOW(-@1)
                 	SBCI R27,HIGH(-@1)
                 	CALL __PUTDP1
                 	.ENDM
                 
                 	.MACRO __PUTB1RNS
                 	MOVW R26,R@0
                 	ADIW R26,@1
                 	ST   X,R30
                 	.ENDM
                 
                 	.MACRO __PUTW1RNS
                 	MOVW R26,R@0
                 	ADIW R26,@1
                 	ST   X+,R30
                 	ST   X,R31
                 	.ENDM
                 
                 	.MACRO __PUTD1RNS
                 	MOVW R26,R@0
                 	ADIW R26,@1
                 	CALL __PUTDP1
                 	.ENDM
                 
                 	.MACRO __PUTB1RON
                 	MOV  R26,R@0
                 	MOV  R27,R@1
                 	SUBI R26,LOW(-@2)
                 	SBCI R27,HIGH(-@2)
                 	ST   X,R30
                 	.ENDM
                 
                 	.MACRO __PUTW1RON
                 	MOV  R26,R@0
                 	MOV  R27,R@1
                 	SUBI R26,LOW(-@2)
                 	SBCI R27,HIGH(-@2)
                 	ST   X+,R30
                 	ST   X,R31
                 	.ENDM
                 
                 	.MACRO __PUTD1RON
                 	MOV  R26,R@0
                 	MOV  R27,R@1
                 	SUBI R26,LOW(-@2)
                 	SBCI R27,HIGH(-@2)
                 	CALL __PUTDP1
                 	.ENDM
                 
                 	.MACRO __PUTB1RONS
                 	MOV  R26,R@0
                 	MOV  R27,R@1
                 	ADIW R26,@2
                 	ST   X,R30
                 	.ENDM
                 
                 	.MACRO __PUTW1RONS
                 	MOV  R26,R@0
                 	MOV  R27,R@1
                 	ADIW R26,@2
                 	ST   X+,R30
                 	ST   X,R31
                 	.ENDM
                 
                 	.MACRO __PUTD1RONS
                 	MOV  R26,R@0
                 	MOV  R27,R@1
                 	ADIW R26,@2
                 	CALL __PUTDP1
                 	.ENDM
                 
                 
                 	.MACRO __GETB1SX
                 	MOVW R30,R28
                 	SUBI R30,LOW(-@0)
                 	SBCI R31,HIGH(-@0)
                 	LD   R30,Z
                 	.ENDM
                 
                 	.MACRO __GETB1HSX
                 	MOVW R30,R28
                 	SUBI R30,LOW(-@0)
                 	SBCI R31,HIGH(-@0)
                 	LD   R31,Z
                 	.ENDM
                 
                 	.MACRO __GETW1SX
                 	MOVW R30,R28
                 	SUBI R30,LOW(-@0)
                 	SBCI R31,HIGH(-@0)
                 	LD   R0,Z+
                 	LD   R31,Z
                 	MOV  R30,R0
                 	.ENDM
                 
                 	.MACRO __GETD1SX
                 	MOVW R30,R28
                 	SUBI R30,LOW(-@0)
                 	SBCI R31,HIGH(-@0)
                 	LD   R0,Z+
                 	LD   R1,Z+
                 	LD   R22,Z+
                 	LD   R23,Z
                 	MOVW R30,R0
                 	.ENDM
                 
                 	.MACRO __GETB2SX
                 	MOVW R26,R28
                 	SUBI R26,LOW(-@0)
                 	SBCI R27,HIGH(-@0)
                 	LD   R26,X
                 	.ENDM
                 
                 	.MACRO __GETW2SX
                 	MOVW R26,R28
                 	SUBI R26,LOW(-@0)
                 	SBCI R27,HIGH(-@0)
                 	LD   R0,X+
                 	LD   R27,X
                 	MOV  R26,R0
                 	.ENDM
                 
                 	.MACRO __GETD2SX
                 	MOVW R26,R28
                 	SUBI R26,LOW(-@0)
                 	SBCI R27,HIGH(-@0)
                 	LD   R0,X+
                 	LD   R1,X+
                 	LD   R24,X+
                 	LD   R25,X
                 	MOVW R26,R0
                 	.ENDM
                 
                 	.MACRO __GETBRSX
                 	MOVW R30,R28
                 	SUBI R30,LOW(-@1)
                 	SBCI R31,HIGH(-@1)
                 	LD   R@0,Z
                 	.ENDM
                 
                 	.MACRO __GETWRSX
                 	MOVW R30,R28
                 	SUBI R30,LOW(-@2)
                 	SBCI R31,HIGH(-@2)
                 	LD   R@0,Z+
                 	LD   R@1,Z
                 	.ENDM
                 
                 	.MACRO __GETBRSX2
                 	MOVW R26,R28
                 	SUBI R26,LOW(-@1)
                 	SBCI R27,HIGH(-@1)
                 	LD   R@0,X
                 	.ENDM
                 
                 	.MACRO __GETWRSX2
                 	MOVW R26,R28
                 	SUBI R26,LOW(-@2)
                 	SBCI R27,HIGH(-@2)
                 	LD   R@0,X+
                 	LD   R@1,X
                 	.ENDM
                 
                 	.MACRO __LSLW8SX
                 	MOVW R30,R28
                 	SUBI R30,LOW(-@0)
                 	SBCI R31,HIGH(-@0)
                 	LD   R31,Z
                 	CLR  R30
                 	.ENDM
                 
                 	.MACRO __PUTB1SX
                 	MOVW R26,R28
                 	SUBI R26,LOW(-@0)
                 	SBCI R27,HIGH(-@0)
                 	ST   X,R30
                 	.ENDM
                 
                 	.MACRO __PUTW1SX
                 	MOVW R26,R28
                 	SUBI R26,LOW(-@0)
                 	SBCI R27,HIGH(-@0)
                 	ST   X+,R30
                 	ST   X,R31
                 	.ENDM
                 
                 	.MACRO __PUTD1SX
                 	MOVW R26,R28
                 	SUBI R26,LOW(-@0)
                 	SBCI R27,HIGH(-@0)
                 	ST   X+,R30
                 	ST   X+,R31
                 	ST   X+,R22
                 	ST   X,R23
                 	.ENDM
                 
                 	.MACRO __CLRW1SX
                 	MOVW R26,R28
                 	SUBI R26,LOW(-@0)
                 	SBCI R27,HIGH(-@0)
                 	ST   X+,R30
                 	ST   X,R30
                 	.ENDM
                 
                 	.MACRO __CLRD1SX
                 	MOVW R26,R28
                 	SUBI R26,LOW(-@0)
                 	SBCI R27,HIGH(-@0)
                 	ST   X+,R30
                 	ST   X+,R30
                 	ST   X+,R30
                 	ST   X,R30
                 	.ENDM
                 
                 	.MACRO __PUTB2SX
                 	MOVW R30,R28
                 	SUBI R30,LOW(-@0)
                 	SBCI R31,HIGH(-@0)
                 	ST   Z,R26
                 	.ENDM
                 
                 	.MACRO __PUTW2SX
                 	MOVW R30,R28
                 	SUBI R30,LOW(-@0)
                 	SBCI R31,HIGH(-@0)
                 	ST   Z+,R26
                 	ST   Z,R27
                 	.ENDM
                 
                 	.MACRO __PUTD2SX
                 	MOVW R30,R28
                 	SUBI R30,LOW(-@0)
                 	SBCI R31,HIGH(-@0)
                 	ST   Z+,R26
                 	ST   Z+,R27
                 	ST   Z+,R24
                 	ST   Z,R25
                 	.ENDM
                 
                 	.MACRO __PUTBSRX
                 	MOVW R30,R28
                 	SUBI R30,LOW(-@1)
                 	SBCI R31,HIGH(-@1)
                 	ST   Z,R@0
                 	.ENDM
                 
                 	.MACRO __PUTWSRX
                 	MOVW R30,R28
                 	SUBI R30,LOW(-@2)
                 	SBCI R31,HIGH(-@2)
                 	ST   Z+,R@0
                 	ST   Z,R@1
                 	.ENDM
                 
                 	.MACRO __PUTB1SNX
                 	MOVW R26,R28
                 	SUBI R26,LOW(-@0)
                 	SBCI R27,HIGH(-@0)
                 	LD   R0,X+
                 	LD   R27,X
                 	MOV  R26,R0
                 	SUBI R26,LOW(-@1)
                 	SBCI R27,HIGH(-@1)
                 	ST   X,R30
                 	.ENDM
                 
                 	.MACRO __PUTW1SNX
                 	MOVW R26,R28
                 	SUBI R26,LOW(-@0)
                 	SBCI R27,HIGH(-@0)
                 	LD   R0,X+
                 	LD   R27,X
                 	MOV  R26,R0
                 	SUBI R26,LOW(-@1)
                 	SBCI R27,HIGH(-@1)
                 	ST   X+,R30
                 	ST   X,R31
                 	.ENDM
                 
                 	.MACRO __PUTD1SNX
                 	MOVW R26,R28
                 	SUBI R26,LOW(-@0)
                 	SBCI R27,HIGH(-@0)
                 	LD   R0,X+
                 	LD   R27,X
                 	MOV  R26,R0
                 	SUBI R26,LOW(-@1)
                 	SBCI R27,HIGH(-@1)
                 	ST   X+,R30
                 	ST   X+,R31
                 	ST   X+,R22
                 	ST   X,R23
                 	.ENDM
                 
                 	.MACRO __MULBRR
                 	MULS R@0,R@1
                 	MOVW R30,R0
                 	.ENDM
                 
                 	.MACRO __MULBRRU
                 	MUL  R@0,R@1
                 	MOVW R30,R0
                 	.ENDM
                 
                 	.MACRO __MULBRR0
                 	MULS R@0,R@1
                 	.ENDM
                 
                 	.MACRO __MULBRRU0
                 	MUL  R@0,R@1
                 	.ENDM
                 
                 	.MACRO __MULBNWRU
                 	LDI  R26,@2
                 	MUL  R26,R@0
                 	MOVW R30,R0
                 	MUL  R26,R@1
                 	ADD  R31,R0
                 	.ENDM
                 
                 ;NAME DEFINITIONS FOR GLOBAL VARIABLES ALLOCATED TO REGISTERS
                 	.DEF _temp=R4
                 	.DEF _temp_msb=R5
                 	.DEF __lcd_x=R7
                 	.DEF __lcd_y=R6
                 	.DEF __lcd_maxx=R9
                 
                 	.CSEG
                 	.ORG 0x00
                 
                 ;START OF CODE MARKER
                 __START_OF_CODE:
                 
                 ;INTERRUPT VECTORS
000000 940c 003d 	JMP  __RESET
000002 940c 0000 	JMP  0x00
000004 940c 0000 	JMP  0x00
000006 940c 0000 	JMP  0x00
000008 940c 0000 	JMP  0x00
00000a 940c 0000 	JMP  0x00
00000c 940c 0000 	JMP  0x00
00000e 940c 0000 	JMP  0x00
000010 940c 0000 	JMP  0x00
000012 940c 0000 	JMP  0x00
000014 940c 0000 	JMP  0x00
000016 940c 0000 	JMP  0x00
000018 940c 0000 	JMP  0x00
00001a 940c 0000 	JMP  0x00
00001c 940c 0000 	JMP  0x00
00001e 940c 0000 	JMP  0x00
000020 940c 0000 	JMP  0x00
000022 940c 0000 	JMP  0x00
000024 940c 0000 	JMP  0x00
000026 940c 0000 	JMP  0x00
000028 940c 0000 	JMP  0x00
                 
                 _tbl10_G100:
00002a 2710
00002b 03e8
00002c 0064
00002d 000a      	.DB  0x10,0x27,0xE8,0x3,0x64,0x0,0xA,0x0
00002e 0001      	.DB  0x1,0x0
                 _tbl16_G100:
00002f 1000
000030 0100
000031 0010
000032 0001      	.DB  0x0,0x10,0x0,0x1,0x10,0x0,0x1,0x0
                 
                 _0x0:
000033 6574
000034 706d
000035 203a
000036 6425      	.DB  0x74,0x65,0x6D,0x70,0x3A,0x20,0x25,0x64
E:\Documents\cavr\lm35\Debug\List\lm35.asm(1131): warning: .cseg .db misalignment - padding zero byte
000037 0000      	.DB  0x0
                 _0x2020003:
000038 c080      	.DB  0x80,0xC0
                 
                 __GLOBAL_INI_TBL:
000039 0002      	.DW  0x02
00003a 0274      	.DW  __base_y_G101
00003b 0070      	.DW  _0x2020003*2
                 
                 _0xFFFFFFFF:
00003c 0000      	.DW  0
                 
                 #define __GLOBAL_INI_TBL_PRESENT 1
                 
                 __RESET:
00003d 94f8      	CLI
00003e 27ee      	CLR  R30
00003f bbec      	OUT  EECR,R30
                 
                 ;INTERRUPT VECTORS ARE PLACED
                 ;AT THE START OF FLASH
000040 e0f1      	LDI  R31,1
000041 bffb      	OUT  GICR,R31
000042 bfeb      	OUT  GICR,R30
000043 bfe5      	OUT  MCUCR,R30
                 
                 ;CLEAR R2-R14
000044 e08d      	LDI  R24,(14-2)+1
000045 e0a2      	LDI  R26,2
000046 27bb      	CLR  R27
                 __CLEAR_REG:
000047 93ed      	ST   X+,R30
000048 958a      	DEC  R24
000049 f7e9      	BRNE __CLEAR_REG
                 
                 ;CLEAR SRAM
00004a e080      	LDI  R24,LOW(__CLEAR_SRAM_SIZE)
00004b e098      	LDI  R25,HIGH(__CLEAR_SRAM_SIZE)
00004c e6a0      	LDI  R26,__SRAM_START
                 __CLEAR_SRAM:
00004d 93ed      	ST   X+,R30
00004e 9701      	SBIW R24,1
00004f f7e9      	BRNE __CLEAR_SRAM
                 
                 ;GLOBAL VARIABLES INITIALIZATION
000050 e7e2      	LDI  R30,LOW(__GLOBAL_INI_TBL*2)
000051 e0f0      	LDI  R31,HIGH(__GLOBAL_INI_TBL*2)
                 __GLOBAL_INI_NEXT:
000052 9185      	LPM  R24,Z+
000053 9195      	LPM  R25,Z+
000054 9700      	SBIW R24,0
000055 f061      	BREQ __GLOBAL_INI_END
000056 91a5      	LPM  R26,Z+
000057 91b5      	LPM  R27,Z+
000058 9005      	LPM  R0,Z+
000059 9015      	LPM  R1,Z+
00005a 01bf      	MOVW R22,R30
00005b 01f0      	MOVW R30,R0
                 __GLOBAL_INI_LOOP:
00005c 9005      	LPM  R0,Z+
00005d 920d      	ST   X+,R0
00005e 9701      	SBIW R24,1
00005f f7e1      	BRNE __GLOBAL_INI_LOOP
000060 01fb      	MOVW R30,R22
000061 cff0      	RJMP __GLOBAL_INI_NEXT
                 __GLOBAL_INI_END:
                 
                 ;HARDWARE STACK POINTER INITIALIZATION
000062 e5ef      	LDI  R30,LOW(__SRAM_END-__HEAP_SIZE)
000063 bfed      	OUT  SPL,R30
000064 e0e8      	LDI  R30,HIGH(__SRAM_END-__HEAP_SIZE)
000065 bfee      	OUT  SPH,R30
                 
                 ;DATA STACK POINTER INITIALIZATION
000066 e6c0      	LDI  R28,LOW(__SRAM_START+__DSTACK_SIZE)
000067 e0d2      	LDI  R29,HIGH(__SRAM_START+__DSTACK_SIZE)
                 
000068 940c 0078 	JMP  _main
                 
                 	.ESEG
                 	.ORG 0
                 
                 	.DSEG
                 	.ORG 0x260
                 
                 	.CSEG
                 ;/*******************************************************
                 ;This program was created by the
                 ;CodeWizardAVR V3.12 Advanced
                 ;Automatic Program Generator
                 ;© Copyright 1998-2014 Pavel Haiduc, HP InfoTech s.r.l.
                 ;http://www.hpinfotech.com
                 ;
                 ;Project :
                 ;Version :
                 ;Date    : 1/9/2023
                 ;Author  :
                 ;Company :
                 ;Comments:
                 ;
                 ;
                 ;Chip type               : ATmega32
                 ;Program type            : Application
                 ;AVR Core Clock frequency: 1.000000 MHz
                 ;Memory model            : Small
                 ;External RAM size       : 0
                 ;Data Stack size         : 512
                 ;*******************************************************/
                 ;
                 ;#include <mega32.h>
                 	#ifndef __SLEEP_DEFINED__
                 	#define __SLEEP_DEFINED__
                 	.EQU __se_bit=0x80
                 	.EQU __sm_mask=0x70
                 	.EQU __sm_powerdown=0x20
                 	.EQU __sm_powersave=0x30
                 	.EQU __sm_standby=0x60
                 	.EQU __sm_ext_standby=0x70
                 	.EQU __sm_adc_noise_red=0x10
                 	.SET power_ctrl_reg=mcucr
                 	#endif
                 ;#include <stdio.h>
                 ;#include <delay.h>
                 ;
                 ;// Alphanumeric LCD functions
                 ;#include <alcd.h>
                 ;
                 ;// Declare your global variables here
                 ;int temp;
                 ;char s[20];
                 ;// Voltage Reference: AREF pin
                 ;#define ADC_VREF_TYPE ((0<<REFS1) | (0<<REFS0) | (0<<ADLAR))
                 ;
                 ;// Read the AD conversion result
                 ;unsigned int read_adc(unsigned char adc_input)
                 ; 0000 0027 {
                 
                 	.CSEG
                 _read_adc:
                 ; .FSTART _read_adc
                 ; 0000 0028 ADMUX=adc_input | ADC_VREF_TYPE;
00006a 93aa      	ST   -Y,R26
                 ;	adc_input -> Y+0
00006b 81e8      	LD   R30,Y
00006c b9e7      	OUT  0x7,R30
                 ; 0000 0029 // Delay needed for the stabilization of the ADC input voltage
                 ; 0000 002A delay_us(10);
                +
00006d e083     +LDI R24 , LOW ( 3 )
                +__DELAY_USB_LOOP :
00006e 958a     +DEC R24
00006f f7f1     +BRNE __DELAY_USB_LOOP
                 	__DELAY_USB 3
                 ; 0000 002B // Start the AD conversion
                 ; 0000 002C ADCSRA|=(1<<ADSC);
000070 9a36      	SBI  0x6,6
                 ; 0000 002D // Wait for the AD conversion to complete
                 ; 0000 002E while ((ADCSRA & (1<<ADIF))==0);
                 _0x3:
000071 9b34      	SBIS 0x6,4
000072 cffe      	RJMP _0x3
                 ; 0000 002F ADCSRA|=(1<<ADIF);
000073 9a34      	SBI  0x6,4
                 ; 0000 0030 return ADCW;
000074 b1e4      	IN   R30,0x4
000075 b1f5      	IN   R31,0x4+1
000076 940c 0303 	JMP  _0x2080001
                 ; 0000 0031 }
                 ; .FEND
                 ;
                 ;void main(void)
                 ; 0000 0034 {
                 _main:
                 ; .FSTART _main
                 ; 0000 0035 // Declare your local variables here
                 ; 0000 0036 
                 ; 0000 0037 // Input/Output Ports initialization
                 ; 0000 0038 // Port A initialization
                 ; 0000 0039 // Function: Bit7=In Bit6=In Bit5=In Bit4=In Bit3=In Bit2=In Bit1=In Bit0=In
                 ; 0000 003A DDRA=(0<<DDA7) | (0<<DDA6) | (0<<DDA5) | (0<<DDA4) | (0<<DDA3) | (0<<DDA2) | (0<<DDA1) | (0<<DDA0);
000078 e0e0      	LDI  R30,LOW(0)
000079 bbea      	OUT  0x1A,R30
                 ; 0000 003B // State: Bit7=T Bit6=T Bit5=T Bit4=T Bit3=T Bit2=T Bit1=T Bit0=T
                 ; 0000 003C PORTA=(0<<PORTA7) | (0<<PORTA6) | (0<<PORTA5) | (0<<PORTA4) | (0<<PORTA3) | (0<<PORTA2) | (0<<PORTA1) | (0<<PORTA0);
00007a bbeb      	OUT  0x1B,R30
                 ; 0000 003D 
                 ; 0000 003E // Port B initialization
                 ; 0000 003F // Function: Bit7=In Bit6=In Bit5=In Bit4=In Bit3=In Bit2=In Bit1=In Bit0=In
                 ; 0000 0040 DDRB=(0<<DDB7) | (0<<DDB6) | (0<<DDB5) | (0<<DDB4) | (0<<DDB3) | (0<<DDB2) | (0<<DDB1) | (0<<DDB0);
00007b bbe7      	OUT  0x17,R30
                 ; 0000 0041 // State: Bit7=T Bit6=T Bit5=T Bit4=T Bit3=T Bit2=T Bit1=T Bit0=T
                 ; 0000 0042 PORTB=(0<<PORTB7) | (0<<PORTB6) | (0<<PORTB5) | (0<<PORTB4) | (0<<PORTB3) | (0<<PORTB2) | (0<<PORTB1) | (0<<PORTB0);
00007c bbe8      	OUT  0x18,R30
                 ; 0000 0043 
                 ; 0000 0044 // Port C initialization
                 ; 0000 0045 // Function: Bit7=In Bit6=In Bit5=In Bit4=In Bit3=In Bit2=In Bit1=In Bit0=In
                 ; 0000 0046 DDRC=(0<<DDC7) | (0<<DDC6) | (0<<DDC5) | (0<<DDC4) | (0<<DDC3) | (0<<DDC2) | (0<<DDC1) | (0<<DDC0);
00007d bbe4      	OUT  0x14,R30
                 ; 0000 0047 // State: Bit7=T Bit6=T Bit5=T Bit4=T Bit3=T Bit2=T Bit1=T Bit0=T
                 ; 0000 0048 PORTC=(0<<PORTC7) | (0<<PORTC6) | (0<<PORTC5) | (0<<PORTC4) | (0<<PORTC3) | (0<<PORTC2) | (0<<PORTC1) | (0<<PORTC0);
00007e bbe5      	OUT  0x15,R30
                 ; 0000 0049 
                 ; 0000 004A // Port D initialization
                 ; 0000 004B // Function: Bit7=In Bit6=In Bit5=In Bit4=In Bit3=In Bit2=In Bit1=In Bit0=In
                 ; 0000 004C DDRD=(0<<DDD7) | (0<<DDD6) | (0<<DDD5) | (0<<DDD4) | (0<<DDD3) | (0<<DDD2) | (0<<DDD1) | (0<<DDD0);
00007f bbe1      	OUT  0x11,R30
                 ; 0000 004D // State: Bit7=T Bit6=T Bit5=T Bit4=T Bit3=T Bit2=T Bit1=T Bit0=T
                 ; 0000 004E PORTD=(0<<PORTD7) | (0<<PORTD6) | (0<<PORTD5) | (0<<PORTD4) | (0<<PORTD3) | (0<<PORTD2) | (0<<PORTD1) | (0<<PORTD0);
000080 bbe2      	OUT  0x12,R30
                 ; 0000 004F 
                 ; 0000 0050 // Timer/Counter 0 initialization
                 ; 0000 0051 // Clock source: System Clock
                 ; 0000 0052 // Clock value: Timer 0 Stopped
                 ; 0000 0053 // Mode: Normal top=0xFF
                 ; 0000 0054 // OC0 output: Disconnected
                 ; 0000 0055 TCCR0=(0<<WGM00) | (0<<COM01) | (0<<COM00) | (0<<WGM01) | (0<<CS02) | (0<<CS01) | (0<<CS00);
000081 bfe3      	OUT  0x33,R30
                 ; 0000 0056 TCNT0=0x00;
000082 bfe2      	OUT  0x32,R30
                 ; 0000 0057 OCR0=0x00;
000083 bfec      	OUT  0x3C,R30
                 ; 0000 0058 
                 ; 0000 0059 // Timer/Counter 1 initialization
                 ; 0000 005A // Clock source: System Clock
                 ; 0000 005B // Clock value: Timer1 Stopped
                 ; 0000 005C // Mode: Normal top=0xFFFF
                 ; 0000 005D // OC1A output: Disconnected
                 ; 0000 005E // OC1B output: Disconnected
                 ; 0000 005F // Noise Canceler: Off
                 ; 0000 0060 // Input Capture on Falling Edge
                 ; 0000 0061 // Timer1 Overflow Interrupt: Off
                 ; 0000 0062 // Input Capture Interrupt: Off
                 ; 0000 0063 // Compare A Match Interrupt: Off
                 ; 0000 0064 // Compare B Match Interrupt: Off
                 ; 0000 0065 TCCR1A=(0<<COM1A1) | (0<<COM1A0) | (0<<COM1B1) | (0<<COM1B0) | (0<<WGM11) | (0<<WGM10);
000084 bdef      	OUT  0x2F,R30
                 ; 0000 0066 TCCR1B=(0<<ICNC1) | (0<<ICES1) | (0<<WGM13) | (0<<WGM12) | (0<<CS12) | (0<<CS11) | (0<<CS10);
000085 bdee      	OUT  0x2E,R30
                 ; 0000 0067 TCNT1H=0x00;
000086 bded      	OUT  0x2D,R30
                 ; 0000 0068 TCNT1L=0x00;
000087 bdec      	OUT  0x2C,R30
                 ; 0000 0069 ICR1H=0x00;
000088 bde7      	OUT  0x27,R30
                 ; 0000 006A ICR1L=0x00;
000089 bde6      	OUT  0x26,R30
                 ; 0000 006B OCR1AH=0x00;
00008a bdeb      	OUT  0x2B,R30
                 ; 0000 006C OCR1AL=0x00;
00008b bdea      	OUT  0x2A,R30
                 ; 0000 006D OCR1BH=0x00;
00008c bde9      	OUT  0x29,R30
                 ; 0000 006E OCR1BL=0x00;
00008d bde8      	OUT  0x28,R30
                 ; 0000 006F 
                 ; 0000 0070 // Timer/Counter 2 initialization
                 ; 0000 0071 // Clock source: System Clock
                 ; 0000 0072 // Clock value: Timer2 Stopped
                 ; 0000 0073 // Mode: Normal top=0xFF
                 ; 0000 0074 // OC2 output: Disconnected
                 ; 0000 0075 ASSR=0<<AS2;
00008e bde2      	OUT  0x22,R30
                 ; 0000 0076 TCCR2=(0<<PWM2) | (0<<COM21) | (0<<COM20) | (0<<CTC2) | (0<<CS22) | (0<<CS21) | (0<<CS20);
00008f bde5      	OUT  0x25,R30
                 ; 0000 0077 TCNT2=0x00;
000090 bde4      	OUT  0x24,R30
                 ; 0000 0078 OCR2=0x00;
000091 bde3      	OUT  0x23,R30
                 ; 0000 0079 
                 ; 0000 007A // Timer(s)/Counter(s) Interrupt(s) initialization
                 ; 0000 007B TIMSK=(0<<OCIE2) | (0<<TOIE2) | (0<<TICIE1) | (0<<OCIE1A) | (0<<OCIE1B) | (0<<TOIE1) | (0<<OCIE0) | (0<<TOIE0);
000092 bfe9      	OUT  0x39,R30
                 ; 0000 007C 
                 ; 0000 007D // External Interrupt(s) initialization
                 ; 0000 007E // INT0: Off
                 ; 0000 007F // INT1: Off
                 ; 0000 0080 // INT2: Off
                 ; 0000 0081 MCUCR=(0<<ISC11) | (0<<ISC10) | (0<<ISC01) | (0<<ISC00);
000093 bfe5      	OUT  0x35,R30
                 ; 0000 0082 MCUCSR=(0<<ISC2);
000094 bfe4      	OUT  0x34,R30
                 ; 0000 0083 
                 ; 0000 0084 // USART initialization
                 ; 0000 0085 // USART disabled
                 ; 0000 0086 UCSRB=(0<<RXCIE) | (0<<TXCIE) | (0<<UDRIE) | (0<<RXEN) | (0<<TXEN) | (0<<UCSZ2) | (0<<RXB8) | (0<<TXB8);
000095 b9ea      	OUT  0xA,R30
                 ; 0000 0087 
                 ; 0000 0088 // Analog Comparator initialization
                 ; 0000 0089 // Analog Comparator: Off
                 ; 0000 008A // The Analog Comparator's positive input is
                 ; 0000 008B // connected to the AIN0 pin
                 ; 0000 008C // The Analog Comparator's negative input is
                 ; 0000 008D // connected to the AIN1 pin
                 ; 0000 008E ACSR=(1<<ACD) | (0<<ACBG) | (0<<ACO) | (0<<ACI) | (0<<ACIE) | (0<<ACIC) | (0<<ACIS1) | (0<<ACIS0);
000096 e8e0      	LDI  R30,LOW(128)
000097 b9e8      	OUT  0x8,R30
                 ; 0000 008F 
                 ; 0000 0090 // ADC initialization
                 ; 0000 0091 // ADC Clock frequency: 500.000 kHz
                 ; 0000 0092 // ADC Voltage Reference: AREF pin
                 ; 0000 0093 // ADC Auto Trigger Source: ADC Stopped
                 ; 0000 0094 ADMUX=ADC_VREF_TYPE;
000098 e0e0      	LDI  R30,LOW(0)
000099 b9e7      	OUT  0x7,R30
                 ; 0000 0095 ADCSRA=(1<<ADEN) | (0<<ADSC) | (0<<ADATE) | (0<<ADIF) | (0<<ADIE) | (0<<ADPS2) | (0<<ADPS1) | (1<<ADPS0);
00009a e8e1      	LDI  R30,LOW(129)
00009b b9e6      	OUT  0x6,R30
                 ; 0000 0096 SFIOR=(0<<ADTS2) | (0<<ADTS1) | (0<<ADTS0);
00009c e0e0      	LDI  R30,LOW(0)
00009d bfe0      	OUT  0x30,R30
                 ; 0000 0097 
                 ; 0000 0098 // SPI initialization
                 ; 0000 0099 // SPI disabled
                 ; 0000 009A SPCR=(0<<SPIE) | (0<<SPE) | (0<<DORD) | (0<<MSTR) | (0<<CPOL) | (0<<CPHA) | (0<<SPR1) | (0<<SPR0);
00009e b9ed      	OUT  0xD,R30
                 ; 0000 009B 
                 ; 0000 009C // TWI initialization
                 ; 0000 009D // TWI disabled
                 ; 0000 009E TWCR=(0<<TWEA) | (0<<TWSTA) | (0<<TWSTO) | (0<<TWEN) | (0<<TWIE);
00009f bfe6      	OUT  0x36,R30
                 ; 0000 009F 
                 ; 0000 00A0 // Alphanumeric LCD initialization
                 ; 0000 00A1 // Connections are specified in the
                 ; 0000 00A2 // Project|Configure|C Compiler|Libraries|Alphanumeric LCD menu:
                 ; 0000 00A3 // RS - PORTC Bit 0
                 ; 0000 00A4 // RD - PORTC Bit 1
                 ; 0000 00A5 // EN - PORTC Bit 2
                 ; 0000 00A6 // D4 - PORTC Bit 4
                 ; 0000 00A7 // D5 - PORTC Bit 5
                 ; 0000 00A8 // D6 - PORTC Bit 6
                 ; 0000 00A9 // D7 - PORTC Bit 7
                 ; 0000 00AA // Characters/line: 16
                 ; 0000 00AB lcd_init(16);
0000a0 e1a0      	LDI  R26,LOW(16)
0000a1 940e 02d8 	CALL _lcd_init
                 ; 0000 00AC 
                 ; 0000 00AD while (1)
                 _0x6:
                 ; 0000 00AE       {
                 ; 0000 00AF       // Place your code here
                 ; 0000 00B0       temp = read_adc(0)/2.054;
0000a3 e0a0      	LDI  R26,LOW(0)
0000a4 dfc5      	RCALL _read_adc
0000a5 2766      	CLR  R22
0000a6 2777      	CLR  R23
0000a7 940e 03c7 	CALL __CDF1
0000a9 01df      	MOVW R26,R30
0000aa 01cb      	MOVW R24,R22
                +
0000ab ebec     +LDI R30 , LOW ( 0x400374BC )
0000ac e7f4     +LDI R31 , HIGH ( 0x400374BC )
0000ad e063     +LDI R22 , BYTE3 ( 0x400374BC )
0000ae e470     +LDI R23 , BYTE4 ( 0x400374BC )
                 	__GETD1N 0x400374BC
0000af 940e 03f5 	CALL __DIVF21
0000b1 940e 0390 	CALL __CFD1
0000b3 012f      	MOVW R4,R30
                 ; 0000 00B1       sprintf(s,"temp: %d",temp);
0000b4 e6e0      	LDI  R30,LOW(_s)
0000b5 e0f2      	LDI  R31,HIGH(_s)
0000b6 93fa      	ST   -Y,R31
0000b7 93ea      	ST   -Y,R30
                +
0000b8 e6e6     +LDI R30 , LOW ( 2 * _0x0 + ( 0 ) )
0000b9 e0f0     +LDI R31 , HIGH ( 2 * _0x0 + ( 0 ) )
                 	__POINTW1FN _0x0,0
0000ba 93fa      	ST   -Y,R31
0000bb 93ea      	ST   -Y,R30
0000bc 01f2      	MOVW R30,R4
0000bd 940e 044a 	CALL __CWD1
0000bf 940e 0457 	CALL __PUTPARD1
0000c1 e084      	LDI  R24,4
0000c2 940e 0245 	CALL _sprintf
0000c4 9628      	ADIW R28,8
                 ; 0000 00B2       lcd_puts(s);
0000c5 e6a0      	LDI  R26,LOW(_s)
0000c6 e0b2      	LDI  R27,HIGH(_s)
0000c7 940e 02c7 	CALL _lcd_puts
                 ; 0000 00B3       delay_ms(200);
0000c9 eca8      	LDI  R26,LOW(200)
0000ca e0b0      	LDI  R27,0
0000cb 940e 0357 	CALL _delay_ms
                 ; 0000 00B4       lcd_clear();
0000cd 940e 02a6 	CALL _lcd_clear
                 ; 0000 00B5       }
0000cf cfd3      	RJMP _0x6
                 ; 0000 00B6 }
                 _0x9:
0000d0 cfff      	RJMP _0x9
                 ; .FEND
                 	#ifndef __SLEEP_DEFINED__
                 	#endif
                 
                 	.CSEG
                 _put_buff_G100:
                 ; .FSTART _put_buff_G100
0000d1 93ba      	ST   -Y,R27
0000d2 93aa      	ST   -Y,R26
0000d3 931a      	ST   -Y,R17
0000d4 930a      	ST   -Y,R16
0000d5 81aa      	LDD  R26,Y+2
0000d6 81bb      	LDD  R27,Y+2+1
0000d7 9612      	ADIW R26,2
0000d8 940e 044f 	CALL __GETW1P
0000da 9730      	SBIW R30,0
0000db f159      	BREQ _0x2000010
0000dc 81aa      	LDD  R26,Y+2
0000dd 81bb      	LDD  R27,Y+2+1
0000de 9614      	ADIW R26,4
0000df 940e 044f 	CALL __GETW1P
0000e1 018f      	MOVW R16,R30
0000e2 9730      	SBIW R30,0
0000e3 f061      	BREQ _0x2000012
                +
0000e4 3002     +CPI R16 , LOW ( 2 )
0000e5 e0e0     +LDI R30 , HIGH ( 2 )
0000e6 071e     +CPC R17 , R30
                 	__CPWRN 16,17,2
0000e7 f098      	BRLO _0x2000013
0000e8 01f8      	MOVW R30,R16
0000e9 9731      	SBIW R30,1
0000ea 018f      	MOVW R16,R30
                +
0000eb 81aa     +LDD R26 , Y + 2
0000ec 81bb     +LDD R27 , Y + 2 + 1
0000ed 9614     +ADIW R26 , 4
0000ee 93ed     +ST X + , R30
0000ef 93fc     +ST X , R31
                 	__PUTW1SNS 2,4
                 _0x2000012:
0000f0 81aa      	LDD  R26,Y+2
0000f1 81bb      	LDD  R27,Y+2+1
0000f2 9612      	ADIW R26,2
0000f3 91ed      	LD   R30,X+
0000f4 91fd      	LD   R31,X+
0000f5 9631      	ADIW R30,1
0000f6 93fe      	ST   -X,R31
0000f7 93ee      	ST   -X,R30
0000f8 9731      	SBIW R30,1
0000f9 81ac      	LDD  R26,Y+4
0000fa 83a0      	STD  Z+0,R26
                 _0x2000013:
0000fb 81aa      	LDD  R26,Y+2
0000fc 81bb      	LDD  R27,Y+2+1
0000fd 940e 044f 	CALL __GETW1P
0000ff 23ff      	TST  R31
000100 f02a      	BRMI _0x2000014
000101 91ed      	LD   R30,X+
000102 91fd      	LD   R31,X+
000103 9631      	ADIW R30,1
000104 93fe      	ST   -X,R31
000105 93ee      	ST   -X,R30
                 _0x2000014:
000106 c006      	RJMP _0x2000015
                 _0x2000010:
000107 81aa      	LDD  R26,Y+2
000108 81bb      	LDD  R27,Y+2+1
000109 efef      	LDI  R30,LOW(65535)
00010a efff      	LDI  R31,HIGH(65535)
00010b 93ed      	ST   X+,R30
00010c 93fc      	ST   X,R31
                 _0x2000015:
00010d 8119      	LDD  R17,Y+1
00010e 8108      	LDD  R16,Y+0
00010f 9625      	ADIW R28,5
000110 9508      	RET
                 ; .FEND
                 __print_G100:
                 ; .FSTART __print_G100
000111 93ba      	ST   -Y,R27
000112 93aa      	ST   -Y,R26
000113 9726      	SBIW R28,6
000114 940e 045c 	CALL __SAVELOCR6
000116 e010      	LDI  R17,0
000117 85ac      	LDD  R26,Y+12
000118 85bd      	LDD  R27,Y+12+1
000119 e0e0      	LDI  R30,LOW(0)
00011a e0f0      	LDI  R31,HIGH(0)
00011b 93ed      	ST   X+,R30
00011c 93fc      	ST   X,R31
                 _0x2000016:
00011d 89ea      	LDD  R30,Y+18
00011e 89fb      	LDD  R31,Y+18+1
00011f 9631      	ADIW R30,1
000120 8bea      	STD  Y+18,R30
000121 8bfb      	STD  Y+18+1,R31
000122 9731      	SBIW R30,1
000123 91e4      	LPM  R30,Z
000124 2f2e      	MOV  R18,R30
000125 30e0      	CPI  R30,0
000126 f409      	BRNE PC+2
000127 c115      	RJMP _0x2000018
000128 2fe1      	MOV  R30,R17
000129 30e0      	CPI  R30,0
00012a f439      	BRNE _0x200001C
00012b 3225      	CPI  R18,37
00012c f411      	BRNE _0x200001D
00012d e011      	LDI  R17,LOW(1)
00012e c002      	RJMP _0x200001E
                 _0x200001D:
00012f 940e 031e 	CALL SUBOPT_0x0
                 _0x200001E:
000131 c10a      	RJMP _0x200001B
                 _0x200001C:
000132 30e1      	CPI  R30,LOW(0x1)
000133 f4a9      	BRNE _0x200001F
000134 3225      	CPI  R18,37
000135 f419      	BRNE _0x2000020
000136 940e 031e 	CALL SUBOPT_0x0
000138 c102      	RJMP _0x20000CC
                 _0x2000020:
000139 e012      	LDI  R17,LOW(2)
00013a e040      	LDI  R20,LOW(0)
00013b e000      	LDI  R16,LOW(0)
00013c 322d      	CPI  R18,45
00013d f411      	BRNE _0x2000021
00013e e001      	LDI  R16,LOW(1)
00013f c0fc      	RJMP _0x200001B
                 _0x2000021:
000140 322b      	CPI  R18,43
000141 f411      	BRNE _0x2000022
000142 e24b      	LDI  R20,LOW(43)
000143 c0f8      	RJMP _0x200001B
                 _0x2000022:
000144 3220      	CPI  R18,32
000145 f411      	BRNE _0x2000023
000146 e240      	LDI  R20,LOW(32)
000147 c0f4      	RJMP _0x200001B
                 _0x2000023:
000148 c002      	RJMP _0x2000024
                 _0x200001F:
000149 30e2      	CPI  R30,LOW(0x2)
00014a f439      	BRNE _0x2000025
                 _0x2000024:
00014b e050      	LDI  R21,LOW(0)
00014c e013      	LDI  R17,LOW(3)
00014d 3320      	CPI  R18,48
00014e f411      	BRNE _0x2000026
00014f 6800      	ORI  R16,LOW(128)
000150 c0eb      	RJMP _0x200001B
                 _0x2000026:
000151 c003      	RJMP _0x2000027
                 _0x2000025:
000152 30e3      	CPI  R30,LOW(0x3)
000153 f009      	BREQ PC+2
000154 c0e7      	RJMP _0x200001B
                 _0x2000027:
000155 3320      	CPI  R18,48
000156 f010      	BRLO _0x200002A
000157 332a      	CPI  R18,58
000158 f008      	BRLO _0x200002B
                 _0x200002A:
000159 c007      	RJMP _0x2000029
                 _0x200002B:
00015a e0aa      	LDI  R26,LOW(10)
00015b 9f5a      	MUL  R21,R26
00015c 2d50      	MOV  R21,R0
00015d 2fe2      	MOV  R30,R18
00015e 53e0      	SUBI R30,LOW(48)
00015f 0f5e      	ADD  R21,R30
000160 c0db      	RJMP _0x200001B
                 _0x2000029:
000161 2fe2      	MOV  R30,R18
000162 36e3      	CPI  R30,LOW(0x63)
000163 f449      	BRNE _0x200002F
000164 940e 0325 	CALL SUBOPT_0x1
000166 89e8      	LDD  R30,Y+16
000167 89f9      	LDD  R31,Y+16+1
000168 81a4      	LDD  R26,Z+4
000169 93aa      	ST   -Y,R26
00016a 940e 032b 	CALL SUBOPT_0x2
00016c c0ce      	RJMP _0x2000030
                 _0x200002F:
00016d 37e3      	CPI  R30,LOW(0x73)
00016e f441      	BRNE _0x2000032
00016f 940e 0325 	CALL SUBOPT_0x1
000171 940e 0331 	CALL SUBOPT_0x3
000173 940e 0305 	CALL _strlen
000175 2f1e      	MOV  R17,R30
000176 c00a      	RJMP _0x2000033
                 _0x2000032:
000177 37e0      	CPI  R30,LOW(0x70)
000178 f461      	BRNE _0x2000035
000179 940e 0325 	CALL SUBOPT_0x1
00017b 940e 0331 	CALL SUBOPT_0x3
00017d 940e 0311 	CALL _strlenf
00017f 2f1e      	MOV  R17,R30
000180 6008      	ORI  R16,LOW(8)
                 _0x2000033:
000181 6002      	ORI  R16,LOW(2)
000182 770f      	ANDI R16,LOW(127)
000183 e030      	LDI  R19,LOW(0)
000184 c034      	RJMP _0x2000036
                 _0x2000035:
000185 36e4      	CPI  R30,LOW(0x64)
000186 f011      	BREQ _0x2000039
000187 36e9      	CPI  R30,LOW(0x69)
000188 f411      	BRNE _0x200003A
                 _0x2000039:
000189 6004      	ORI  R16,LOW(4)
00018a c002      	RJMP _0x200003B
                 _0x200003A:
00018b 37e5      	CPI  R30,LOW(0x75)
00018c f431      	BRNE _0x200003C
                 _0x200003B:
00018d e5e4      	LDI  R30,LOW(_tbl10_G100*2)
00018e e0f0      	LDI  R31,HIGH(_tbl10_G100*2)
00018f 83ee      	STD  Y+6,R30
000190 83ff      	STD  Y+6+1,R31
000191 e015      	LDI  R17,LOW(5)
000192 c00c      	RJMP _0x200003D
                 _0x200003C:
000193 35e8      	CPI  R30,LOW(0x58)
000194 f411      	BRNE _0x200003F
000195 6008      	ORI  R16,LOW(8)
000196 c003      	RJMP _0x2000040
                 _0x200003F:
000197 37e8      	CPI  R30,LOW(0x78)
000198 f009      	BREQ PC+2
000199 c0a1      	RJMP _0x2000071
                 _0x2000040:
00019a e5ee      	LDI  R30,LOW(_tbl16_G100*2)
00019b e0f0      	LDI  R31,HIGH(_tbl16_G100*2)
00019c 83ee      	STD  Y+6,R30
00019d 83ff      	STD  Y+6+1,R31
00019e e014      	LDI  R17,LOW(4)
                 _0x200003D:
00019f ff02      	SBRS R16,2
0001a0 c014      	RJMP _0x2000042
0001a1 940e 0325 	CALL SUBOPT_0x1
0001a3 940e 033b 	CALL SUBOPT_0x4
0001a5 85ab      	LDD  R26,Y+11
0001a6 23aa      	TST  R26
0001a7 f43a      	BRPL _0x2000043
0001a8 85ea      	LDD  R30,Y+10
0001a9 85fb      	LDD  R31,Y+10+1
0001aa 940e 043e 	CALL __ANEGW1
0001ac 87ea      	STD  Y+10,R30
0001ad 87fb      	STD  Y+10+1,R31
0001ae e24d      	LDI  R20,LOW(45)
                 _0x2000043:
0001af 3040      	CPI  R20,0
0001b0 f011      	BREQ _0x2000044
0001b1 5f1f      	SUBI R17,-LOW(1)
0001b2 c001      	RJMP _0x2000045
                 _0x2000044:
0001b3 7f0b      	ANDI R16,LOW(251)
                 _0x2000045:
0001b4 c004      	RJMP _0x2000046
                 _0x2000042:
0001b5 940e 0325 	CALL SUBOPT_0x1
0001b7 940e 033b 	CALL SUBOPT_0x4
                 _0x2000046:
                 _0x2000036:
0001b9 fd00      	SBRC R16,0
0001ba c011      	RJMP _0x2000047
                 _0x2000048:
0001bb 1715      	CP   R17,R21
0001bc f478      	BRSH _0x200004A
0001bd ff07      	SBRS R16,7
0001be c008      	RJMP _0x200004B
0001bf ff02      	SBRS R16,2
0001c0 c004      	RJMP _0x200004C
0001c1 7f0b      	ANDI R16,LOW(251)
0001c2 2f24      	MOV  R18,R20
0001c3 5011      	SUBI R17,LOW(1)
0001c4 c001      	RJMP _0x200004D
                 _0x200004C:
0001c5 e320      	LDI  R18,LOW(48)
                 _0x200004D:
0001c6 c001      	RJMP _0x200004E
                 _0x200004B:
0001c7 e220      	LDI  R18,LOW(32)
                 _0x200004E:
0001c8 940e 031e 	CALL SUBOPT_0x0
0001ca 5051      	SUBI R21,LOW(1)
0001cb cfef      	RJMP _0x2000048
                 _0x200004A:
                 _0x2000047:
0001cc 2f31      	MOV  R19,R17
0001cd ff01      	SBRS R16,1
0001ce c017      	RJMP _0x200004F
                 _0x2000050:
0001cf 3030      	CPI  R19,0
0001d0 f0a1      	BREQ _0x2000052
0001d1 ff03      	SBRS R16,3
0001d2 c006      	RJMP _0x2000053
0001d3 81ee      	LDD  R30,Y+6
0001d4 81ff      	LDD  R31,Y+6+1
0001d5 9125      	LPM  R18,Z+
0001d6 83ee      	STD  Y+6,R30
0001d7 83ff      	STD  Y+6+1,R31
0001d8 c005      	RJMP _0x2000054
                 _0x2000053:
0001d9 81ae      	LDD  R26,Y+6
0001da 81bf      	LDD  R27,Y+6+1
0001db 912d      	LD   R18,X+
0001dc 83ae      	STD  Y+6,R26
0001dd 83bf      	STD  Y+6+1,R27
                 _0x2000054:
0001de 940e 031e 	CALL SUBOPT_0x0
0001e0 3050      	CPI  R21,0
0001e1 f009      	BREQ _0x2000055
0001e2 5051      	SUBI R21,LOW(1)
                 _0x2000055:
0001e3 5031      	SUBI R19,LOW(1)
0001e4 cfea      	RJMP _0x2000050
                 _0x2000052:
0001e5 c04b      	RJMP _0x2000056
                 _0x200004F:
                 _0x2000058:
0001e6 e320      	LDI  R18,LOW(48)
0001e7 81ee      	LDD  R30,Y+6
0001e8 81ff      	LDD  R31,Y+6+1
0001e9 940e 0453 	CALL __GETW1PF
0001eb 87e8      	STD  Y+8,R30
0001ec 87f9      	STD  Y+8+1,R31
0001ed 81ee      	LDD  R30,Y+6
0001ee 81ff      	LDD  R31,Y+6+1
0001ef 9632      	ADIW R30,2
0001f0 83ee      	STD  Y+6,R30
0001f1 83ff      	STD  Y+6+1,R31
                 _0x200005A:
0001f2 85e8      	LDD  R30,Y+8
0001f3 85f9      	LDD  R31,Y+8+1
0001f4 85aa      	LDD  R26,Y+10
0001f5 85bb      	LDD  R27,Y+10+1
0001f6 17ae      	CP   R26,R30
0001f7 07bf      	CPC  R27,R31
0001f8 f050      	BRLO _0x200005C
0001f9 5f2f      	SUBI R18,-LOW(1)
0001fa 85a8      	LDD  R26,Y+8
0001fb 85b9      	LDD  R27,Y+8+1
0001fc 85ea      	LDD  R30,Y+10
0001fd 85fb      	LDD  R31,Y+10+1
0001fe 1bea      	SUB  R30,R26
0001ff 0bfb      	SBC  R31,R27
000200 87ea      	STD  Y+10,R30
000201 87fb      	STD  Y+10+1,R31
000202 cfef      	RJMP _0x200005A
                 _0x200005C:
000203 332a      	CPI  R18,58
000204 f028      	BRLO _0x200005D
000205 ff03      	SBRS R16,3
000206 c002      	RJMP _0x200005E
000207 5f29      	SUBI R18,-LOW(7)
000208 c001      	RJMP _0x200005F
                 _0x200005E:
000209 5d29      	SUBI R18,-LOW(39)
                 _0x200005F:
                 _0x200005D:
00020a fd04      	SBRC R16,4
00020b c01a      	RJMP _0x2000061
00020c 3321      	CPI  R18,49
00020d f420      	BRSH _0x2000063
00020e 85a8      	LDD  R26,Y+8
00020f 85b9      	LDD  R27,Y+8+1
000210 9711      	SBIW R26,1
000211 f409      	BRNE _0x2000062
                 _0x2000063:
000212 c009      	RJMP _0x20000CD
                 _0x2000062:
000213 1753      	CP   R21,R19
000214 f010      	BRLO _0x2000067
000215 ff00      	SBRS R16,0
000216 c001      	RJMP _0x2000068
                 _0x2000067:
000217 c013      	RJMP _0x2000066
                 _0x2000068:
000218 e220      	LDI  R18,LOW(32)
000219 ff07      	SBRS R16,7
00021a c00b      	RJMP _0x2000069
00021b e320      	LDI  R18,LOW(48)
                 _0x20000CD:
00021c 6100      	ORI  R16,LOW(16)
00021d ff02      	SBRS R16,2
00021e c007      	RJMP _0x200006A
00021f 7f0b      	ANDI R16,LOW(251)
000220 934a      	ST   -Y,R20
000221 940e 032b 	CALL SUBOPT_0x2
000223 3050      	CPI  R21,0
000224 f009      	BREQ _0x200006B
000225 5051      	SUBI R21,LOW(1)
                 _0x200006B:
                 _0x200006A:
                 _0x2000069:
                 _0x2000061:
000226 940e 031e 	CALL SUBOPT_0x0
000228 3050      	CPI  R21,0
000229 f009      	BREQ _0x200006C
00022a 5051      	SUBI R21,LOW(1)
                 _0x200006C:
                 _0x2000066:
00022b 5031      	SUBI R19,LOW(1)
00022c 85a8      	LDD  R26,Y+8
00022d 85b9      	LDD  R27,Y+8+1
00022e 9712      	SBIW R26,2
00022f f008      	BRLO _0x2000059
000230 cfb5      	RJMP _0x2000058
                 _0x2000059:
                 _0x2000056:
000231 ff00      	SBRS R16,0
000232 c008      	RJMP _0x200006D
                 _0x200006E:
000233 3050      	CPI  R21,0
000234 f031      	BREQ _0x2000070
000235 5051      	SUBI R21,LOW(1)
000236 e2e0      	LDI  R30,LOW(32)
000237 93ea      	ST   -Y,R30
000238 940e 032b 	CALL SUBOPT_0x2
00023a cff8      	RJMP _0x200006E
                 _0x2000070:
                 _0x200006D:
                 _0x2000071:
                 _0x2000030:
                 _0x20000CC:
00023b e010      	LDI  R17,LOW(0)
                 _0x200001B:
00023c cee0      	RJMP _0x2000016
                 _0x2000018:
00023d 85ac      	LDD  R26,Y+12
00023e 85bd      	LDD  R27,Y+12+1
00023f 940e 044f 	CALL __GETW1P
000241 940e 0463 	CALL __LOADLOCR6
000243 9664      	ADIW R28,20
000244 9508      	RET
                 ; .FEND
                 _sprintf:
                 ; .FSTART _sprintf
000245 92ff      	PUSH R15
000246 2ef8      	MOV  R15,R24
000247 9726      	SBIW R28,6
000248 940e 045e 	CALL __SAVELOCR4
00024a 940e 0343 	CALL SUBOPT_0x5
00024c 9730      	SBIW R30,0
00024d f419      	BRNE _0x2000072
00024e efef      	LDI  R30,LOW(65535)
00024f efff      	LDI  R31,HIGH(65535)
000250 c023      	RJMP _0x2080002
                 _0x2000072:
000251 01de      	MOVW R26,R28
000252 9616      	ADIW R26,6
000253 940e 043a 	CALL __ADDW2R15
000255 018d      	MOVW R16,R26
000256 940e 0343 	CALL SUBOPT_0x5
000258 83ee      	STD  Y+6,R30
000259 83ff      	STD  Y+6+1,R31
00025a e0e0      	LDI  R30,LOW(0)
00025b 87e8      	STD  Y+8,R30
00025c 87e9      	STD  Y+8+1,R30
00025d 01de      	MOVW R26,R28
00025e 961a      	ADIW R26,10
00025f 940e 043a 	CALL __ADDW2R15
000261 940e 044f 	CALL __GETW1P
000263 93fa      	ST   -Y,R31
000264 93ea      	ST   -Y,R30
000265 931a      	ST   -Y,R17
000266 930a      	ST   -Y,R16
000267 ede1      	LDI  R30,LOW(_put_buff_G100)
000268 e0f0      	LDI  R31,HIGH(_put_buff_G100)
000269 93fa      	ST   -Y,R31
00026a 93ea      	ST   -Y,R30
00026b 01de      	MOVW R26,R28
00026c 961a      	ADIW R26,10
00026d dea3      	RCALL __print_G100
00026e 019f      	MOVW R18,R30
00026f 81ae      	LDD  R26,Y+6
000270 81bf      	LDD  R27,Y+6+1
000271 e0e0      	LDI  R30,LOW(0)
000272 93ec      	ST   X,R30
000273 01f9      	MOVW R30,R18
                 _0x2080002:
000274 940e 0465 	CALL __LOADLOCR4
000276 962a      	ADIW R28,10
000277 90ff      	POP  R15
000278 9508      	RET
                 ; .FEND
                 	#ifndef __SLEEP_DEFINED__
                 	#endif
                 
                 	.DSEG
                 
                 	.CSEG
                 __lcd_write_nibble_G101:
                 ; .FSTART __lcd_write_nibble_G101
000279 93aa      	ST   -Y,R26
00027a b3e5      	IN   R30,0x15
00027b 70ef      	ANDI R30,LOW(0xF)
00027c 2fae      	MOV  R26,R30
00027d 81e8      	LD   R30,Y
00027e 7fe0      	ANDI R30,LOW(0xF0)
00027f 2bea      	OR   R30,R26
000280 bbe5      	OUT  0x15,R30
                +
000281 e082     +LDI R24 , LOW ( 2 )
                +__DELAY_USB_LOOP :
000282 958a     +DEC R24
000283 f7f1     +BRNE __DELAY_USB_LOOP
                 	__DELAY_USB 2
000284 9aaa      	SBI  0x15,2
                +
000285 e082     +LDI R24 , LOW ( 2 )
                +__DELAY_USB_LOOP :
000286 958a     +DEC R24
000287 f7f1     +BRNE __DELAY_USB_LOOP
                 	__DELAY_USB 2
000288 98aa      	CBI  0x15,2
                +
000289 e082     +LDI R24 , LOW ( 2 )
                +__DELAY_USB_LOOP :
00028a 958a     +DEC R24
00028b f7f1     +BRNE __DELAY_USB_LOOP
                 	__DELAY_USB 2
00028c c076      	RJMP _0x2080001
                 ; .FEND
                 __lcd_write_data:
                 ; .FSTART __lcd_write_data
00028d 93aa      	ST   -Y,R26
00028e 81a8      	LD   R26,Y
00028f dfe9      	RCALL __lcd_write_nibble_G101
000290 81e8          ld    r30,y
000291 95e2          swap  r30
000292 83e8          st    y,r30
000293 81a8      	LD   R26,Y
000294 dfe4      	RCALL __lcd_write_nibble_G101
                +
000295 e181     +LDI R24 , LOW ( 17 )
                +__DELAY_USB_LOOP :
000296 958a     +DEC R24
000297 f7f1     +BRNE __DELAY_USB_LOOP
                 	__DELAY_USB 17
000298 c06a      	RJMP _0x2080001
                 ; .FEND
                 _lcd_gotoxy:
                 ; .FSTART _lcd_gotoxy
000299 93aa      	ST   -Y,R26
00029a 81e8      	LD   R30,Y
00029b e0f0      	LDI  R31,0
00029c 58ec      	SUBI R30,LOW(-__base_y_G101)
00029d 4ffd      	SBCI R31,HIGH(-__base_y_G101)
00029e 81e0      	LD   R30,Z
00029f 81a9      	LDD  R26,Y+1
0002a0 0fae      	ADD  R26,R30
0002a1 dfeb      	RCALL __lcd_write_data
0002a2 8079      	LDD  R7,Y+1
0002a3 8068      	LDD  R6,Y+0
0002a4 9622      	ADIW R28,2
0002a5 9508      	RET
                 ; .FEND
                 _lcd_clear:
                 ; .FSTART _lcd_clear
0002a6 e0a2      	LDI  R26,LOW(2)
0002a7 940e 034a 	CALL SUBOPT_0x6
0002a9 e0ac      	LDI  R26,LOW(12)
0002aa dfe2      	RCALL __lcd_write_data
0002ab e0a1      	LDI  R26,LOW(1)
0002ac 940e 034a 	CALL SUBOPT_0x6
0002ae e0e0      	LDI  R30,LOW(0)
0002af 2e6e      	MOV  R6,R30
0002b0 2e7e      	MOV  R7,R30
0002b1 9508      	RET
                 ; .FEND
                 _lcd_putchar:
                 ; .FSTART _lcd_putchar
0002b2 93aa      	ST   -Y,R26
0002b3 81a8      	LD   R26,Y
0002b4 30aa      	CPI  R26,LOW(0xA)
0002b5 f011      	BREQ _0x2020005
0002b6 1479      	CP   R7,R9
0002b7 f048      	BRLO _0x2020004
                 _0x2020005:
0002b8 e0e0      	LDI  R30,LOW(0)
0002b9 93ea      	ST   -Y,R30
0002ba 9463      	INC  R6
0002bb 2da6      	MOV  R26,R6
0002bc dfdc      	RCALL _lcd_gotoxy
0002bd 81a8      	LD   R26,Y
0002be 30aa      	CPI  R26,LOW(0xA)
0002bf f409      	BRNE _0x2020007
0002c0 c042      	RJMP _0x2080001
                 _0x2020007:
                 _0x2020004:
0002c1 9473      	INC  R7
0002c2 9aa8      	SBI  0x15,0
0002c3 81a8      	LD   R26,Y
0002c4 dfc8      	RCALL __lcd_write_data
0002c5 98a8      	CBI  0x15,0
0002c6 c03c      	RJMP _0x2080001
                 ; .FEND
                 _lcd_puts:
                 ; .FSTART _lcd_puts
0002c7 93ba      	ST   -Y,R27
0002c8 93aa      	ST   -Y,R26
0002c9 931a      	ST   -Y,R17
                 _0x2020008:
0002ca 81a9      	LDD  R26,Y+1
0002cb 81ba      	LDD  R27,Y+1+1
0002cc 91ed      	LD   R30,X+
0002cd 83a9      	STD  Y+1,R26
0002ce 83ba      	STD  Y+1+1,R27
0002cf 2f1e      	MOV  R17,R30
0002d0 30e0      	CPI  R30,0
0002d1 f019      	BREQ _0x202000A
0002d2 2fa1      	MOV  R26,R17
0002d3 dfde      	RCALL _lcd_putchar
0002d4 cff5      	RJMP _0x2020008
                 _0x202000A:
0002d5 8118      	LDD  R17,Y+0
0002d6 9623      	ADIW R28,3
0002d7 9508      	RET
                 ; .FEND
                 _lcd_init:
                 ; .FSTART _lcd_init
0002d8 93aa      	ST   -Y,R26
0002d9 b3e4      	IN   R30,0x14
0002da 6fe0      	ORI  R30,LOW(0xF0)
0002db bbe4      	OUT  0x14,R30
0002dc 9aa2      	SBI  0x14,2
0002dd 9aa0      	SBI  0x14,0
0002de 9aa1      	SBI  0x14,1
0002df 98aa      	CBI  0x15,2
0002e0 98a8      	CBI  0x15,0
0002e1 98a9      	CBI  0x15,1
0002e2 8098      	LDD  R9,Y+0
0002e3 81e8      	LD   R30,Y
0002e4 58e0      	SUBI R30,-LOW(128)
                +
0002e5 93e0 0276+STS __base_y_G101 + ( 2 ) , R30
                 	__PUTB1MN __base_y_G101,2
0002e7 81e8      	LD   R30,Y
0002e8 54e0      	SUBI R30,-LOW(192)
                +
0002e9 93e0 0277+STS __base_y_G101 + ( 3 ) , R30
                 	__PUTB1MN __base_y_G101,3
0002eb e1a4      	LDI  R26,LOW(20)
0002ec e0b0      	LDI  R27,0
0002ed 940e 0357 	CALL _delay_ms
0002ef 940e 0350 	CALL SUBOPT_0x7
0002f1 940e 0350 	CALL SUBOPT_0x7
0002f3 940e 0350 	CALL SUBOPT_0x7
0002f5 e2a0      	LDI  R26,LOW(32)
0002f6 df82      	RCALL __lcd_write_nibble_G101
                +
0002f7 e281     +LDI R24 , LOW ( 33 )
                +__DELAY_USB_LOOP :
0002f8 958a     +DEC R24
0002f9 f7f1     +BRNE __DELAY_USB_LOOP
                 	__DELAY_USB 33
0002fa e2a8      	LDI  R26,LOW(40)
0002fb df91      	RCALL __lcd_write_data
0002fc e0a4      	LDI  R26,LOW(4)
0002fd df8f      	RCALL __lcd_write_data
0002fe e8a5      	LDI  R26,LOW(133)
0002ff df8d      	RCALL __lcd_write_data
000300 e0a6      	LDI  R26,LOW(6)
000301 df8b      	RCALL __lcd_write_data
000302 dfa3      	RCALL _lcd_clear
                 _0x2080001:
000303 9621      	ADIW R28,1
000304 9508      	RET
                 ; .FEND
                 
                 	.CSEG
                 
                 	.CSEG
                 _strlen:
                 ; .FSTART _strlen
000305 93ba      	ST   -Y,R27
000306 93aa      	ST   -Y,R26
000307 91a9          ld   r26,y+
000308 91b9          ld   r27,y+
000309 27ee          clr  r30
00030a 27ff          clr  r31
                 strlen0:
00030b 916d          ld   r22,x+
00030c 2366          tst  r22
00030d f011          breq strlen1
00030e 9631          adiw r30,1
00030f cffb          rjmp strlen0
                 strlen1:
000310 9508          ret
                 ; .FEND
                 _strlenf:
                 ; .FSTART _strlenf
000311 93ba      	ST   -Y,R27
000312 93aa      	ST   -Y,R26
000313 27aa          clr  r26
000314 27bb          clr  r27
000315 91e9          ld   r30,y+
000316 91f9          ld   r31,y+
                 strlenf0:
000317 9005      	lpm  r0,z+
000318 2000          tst  r0
000319 f011          breq strlenf1
00031a 9611          adiw r26,1
00031b cffb          rjmp strlenf0
                 strlenf1:
00031c 01fd          movw r30,r26
00031d 9508          ret
                 ; .FEND
                 
                 	.DSEG
                 _s:
000260           	.BYTE 0x14
                 __base_y_G101:
000274           	.BYTE 0x4
                 
                 	.CSEG
                 ;OPTIMIZER ADDED SUBROUTINE, CALLED 5 TIMES, CODE SIZE REDUCTION:13 WORDS
                 SUBOPT_0x0:
00031e 932a      	ST   -Y,R18
00031f 85ad      	LDD  R26,Y+13
000320 85be      	LDD  R27,Y+13+1
000321 85ef      	LDD  R30,Y+15
000322 89f8      	LDD  R31,Y+15+1
000323 9509      	ICALL
000324 9508      	RET
                 
                 ;OPTIMIZER ADDED SUBROUTINE, CALLED 5 TIMES, CODE SIZE REDUCTION:9 WORDS
                 SUBOPT_0x1:
000325 89e8      	LDD  R30,Y+16
000326 89f9      	LDD  R31,Y+16+1
000327 9734      	SBIW R30,4
000328 8be8      	STD  Y+16,R30
000329 8bf9      	STD  Y+16+1,R31
00032a 9508      	RET
                 
                 ;OPTIMIZER ADDED SUBROUTINE, CALLED 3 TIMES, CODE SIZE REDUCTION:3 WORDS
                 SUBOPT_0x2:
00032b 85ad      	LDD  R26,Y+13
00032c 85be      	LDD  R27,Y+13+1
00032d 85ef      	LDD  R30,Y+15
00032e 89f8      	LDD  R31,Y+15+1
00032f 9509      	ICALL
000330 9508      	RET
                 
                 ;OPTIMIZER ADDED SUBROUTINE, CALLED 2 TIMES, CODE SIZE REDUCTION:4 WORDS
                 SUBOPT_0x3:
000331 89a8      	LDD  R26,Y+16
000332 89b9      	LDD  R27,Y+16+1
000333 9614      	ADIW R26,4
000334 940e 044f 	CALL __GETW1P
000336 83ee      	STD  Y+6,R30
000337 83ff      	STD  Y+6+1,R31
000338 81ae      	LDD  R26,Y+6
000339 81bf      	LDD  R27,Y+6+1
00033a 9508      	RET
                 
                 ;OPTIMIZER ADDED SUBROUTINE, CALLED 2 TIMES, CODE SIZE REDUCTION:2 WORDS
                 SUBOPT_0x4:
00033b 89a8      	LDD  R26,Y+16
00033c 89b9      	LDD  R27,Y+16+1
00033d 9614      	ADIW R26,4
00033e 940e 044f 	CALL __GETW1P
000340 87ea      	STD  Y+10,R30
000341 87fb      	STD  Y+10+1,R31
000342 9508      	RET
                 
                 ;OPTIMIZER ADDED SUBROUTINE, CALLED 2 TIMES, CODE SIZE REDUCTION:1 WORDS
                 SUBOPT_0x5:
000343 01de      	MOVW R26,R28
000344 961c      	ADIW R26,12
000345 940e 043a 	CALL __ADDW2R15
000347 940e 044f 	CALL __GETW1P
000349 9508      	RET
                 
                 ;OPTIMIZER ADDED SUBROUTINE, CALLED 2 TIMES, CODE SIZE REDUCTION:1 WORDS
                 SUBOPT_0x6:
00034a 940e 028d 	CALL __lcd_write_data
00034c e0a3      	LDI  R26,LOW(3)
00034d e0b0      	LDI  R27,0
00034e 940c 0357 	JMP  _delay_ms
                 
                 ;OPTIMIZER ADDED SUBROUTINE, CALLED 3 TIMES, CODE SIZE REDUCTION:5 WORDS
                 SUBOPT_0x7:
000350 e3a0      	LDI  R26,LOW(48)
000351 940e 0279 	CALL __lcd_write_nibble_G101
                +
000353 e281     +LDI R24 , LOW ( 33 )
                +__DELAY_USB_LOOP :
000354 958a     +DEC R24
000355 f7f1     +BRNE __DELAY_USB_LOOP
                 	__DELAY_USB 33
000356 9508      	RET
                 
                 
                 	.CSEG
                 _delay_ms:
000357 9610      	adiw r26,0
000358 f039      	breq __delay_ms1
                 __delay_ms0:
                +
000359 ef8a     +LDI R24 , LOW ( 0xFA )
00035a e090     +LDI R25 , HIGH ( 0xFA )
                +__DELAY_USW_LOOP :
00035b 9701     +SBIW R24 , 1
00035c f7f1     +BRNE __DELAY_USW_LOOP
                 	__DELAY_USW 0xFA
00035d 95a8      	wdr
00035e 9711      	sbiw r26,1
00035f f7c9      	brne __delay_ms0
                 __delay_ms1:
000360 9508      	ret
                 
                 __ROUND_REPACK:
000361 2355      	TST  R21
000362 f442      	BRPL __REPACK
000363 3850      	CPI  R21,0x80
000364 f411      	BRNE __ROUND_REPACK0
000365 ffe0      	SBRS R30,0
000366 c004      	RJMP __REPACK
                 __ROUND_REPACK0:
000367 9631      	ADIW R30,1
000368 1f69      	ADC  R22,R25
000369 1f79      	ADC  R23,R25
00036a f06b      	BRVS __REPACK1
                 
                 __REPACK:
00036b e850      	LDI  R21,0x80
00036c 2757      	EOR  R21,R23
00036d f411      	BRNE __REPACK0
00036e 935f      	PUSH R21
00036f c073      	RJMP __ZERORES
                 __REPACK0:
000370 3f5f      	CPI  R21,0xFF
000371 f031      	BREQ __REPACK1
000372 0f66      	LSL  R22
000373 0c00      	LSL  R0
000374 9557      	ROR  R21
000375 9567      	ROR  R22
000376 2f75      	MOV  R23,R21
000377 9508      	RET
                 __REPACK1:
000378 935f      	PUSH R21
000379 2000      	TST  R0
00037a f00a      	BRMI __REPACK2
00037b c073      	RJMP __MAXRES
                 __REPACK2:
00037c c06c      	RJMP __MINRES
                 
                 __UNPACK:
00037d e850      	LDI  R21,0x80
00037e 2e19      	MOV  R1,R25
00037f 2215      	AND  R1,R21
000380 0f88      	LSL  R24
000381 1f99      	ROL  R25
000382 2795      	EOR  R25,R21
000383 0f55      	LSL  R21
000384 9587      	ROR  R24
                 
                 __UNPACK1:
000385 e850      	LDI  R21,0x80
000386 2e07      	MOV  R0,R23
000387 2205      	AND  R0,R21
000388 0f66      	LSL  R22
000389 1f77      	ROL  R23
00038a 2775      	EOR  R23,R21
00038b 0f55      	LSL  R21
00038c 9567      	ROR  R22
00038d 9508      	RET
                 
                 __CFD1U:
00038e 9468      	SET
00038f c001      	RJMP __CFD1U0
                 __CFD1:
000390 94e8      	CLT
                 __CFD1U0:
000391 935f      	PUSH R21
000392 dff2      	RCALL __UNPACK1
000393 3870      	CPI  R23,0x80
000394 f018      	BRLO __CFD10
000395 3f7f      	CPI  R23,0xFF
000396 f408      	BRCC __CFD10
000397 c04b      	RJMP __ZERORES
                 __CFD10:
000398 e156      	LDI  R21,22
000399 1b57      	SUB  R21,R23
00039a f4aa      	BRPL __CFD11
00039b 9551      	NEG  R21
00039c 3058      	CPI  R21,8
00039d f40e      	BRTC __CFD19
00039e 3059      	CPI  R21,9
                 __CFD19:
00039f f030      	BRLO __CFD17
0003a0 efef      	SER  R30
0003a1 efff      	SER  R31
0003a2 ef6f      	SER  R22
0003a3 e77f      	LDI  R23,0x7F
0003a4 f977      	BLD  R23,7
0003a5 c01a      	RJMP __CFD15
                 __CFD17:
0003a6 2777      	CLR  R23
0003a7 2355      	TST  R21
0003a8 f0b9      	BREQ __CFD15
                 __CFD18:
0003a9 0fee      	LSL  R30
0003aa 1fff      	ROL  R31
0003ab 1f66      	ROL  R22
0003ac 1f77      	ROL  R23
0003ad 955a      	DEC  R21
0003ae f7d1      	BRNE __CFD18
0003af c010      	RJMP __CFD15
                 __CFD11:
0003b0 2777      	CLR  R23
                 __CFD12:
0003b1 3058      	CPI  R21,8
0003b2 f028      	BRLO __CFD13
0003b3 2fef      	MOV  R30,R31
0003b4 2ff6      	MOV  R31,R22
0003b5 2f67      	MOV  R22,R23
0003b6 5058      	SUBI R21,8
0003b7 cff9      	RJMP __CFD12
                 __CFD13:
0003b8 2355      	TST  R21
0003b9 f031      	BREQ __CFD15
                 __CFD14:
0003ba 9576      	LSR  R23
0003bb 9567      	ROR  R22
0003bc 95f7      	ROR  R31
0003bd 95e7      	ROR  R30
0003be 955a      	DEC  R21
0003bf f7d1      	BRNE __CFD14
                 __CFD15:
0003c0 2000      	TST  R0
0003c1 f40a      	BRPL __CFD16
0003c2 d07f      	RCALL __ANEGD1
                 __CFD16:
0003c3 915f      	POP  R21
0003c4 9508      	RET
                 
                 __CDF1U:
0003c5 9468      	SET
0003c6 c001      	RJMP __CDF1U0
                 __CDF1:
0003c7 94e8      	CLT
                 __CDF1U0:
0003c8 9730      	SBIW R30,0
0003c9 4060      	SBCI R22,0
0003ca 4070      	SBCI R23,0
0003cb f0b1      	BREQ __CDF10
0003cc 2400      	CLR  R0
0003cd f026      	BRTS __CDF11
0003ce 2377      	TST  R23
0003cf f412      	BRPL __CDF11
0003d0 9400      	COM  R0
0003d1 d070      	RCALL __ANEGD1
                 __CDF11:
0003d2 2e17      	MOV  R1,R23
0003d3 e17e      	LDI  R23,30
0003d4 2011      	TST  R1
                 __CDF12:
0003d5 f032      	BRMI __CDF13
0003d6 957a      	DEC  R23
0003d7 0fee      	LSL  R30
0003d8 1fff      	ROL  R31
0003d9 1f66      	ROL  R22
0003da 1c11      	ROL  R1
0003db cff9      	RJMP __CDF12
                 __CDF13:
0003dc 2fef      	MOV  R30,R31
0003dd 2ff6      	MOV  R31,R22
0003de 2d61      	MOV  R22,R1
0003df 935f      	PUSH R21
0003e0 df8a      	RCALL __REPACK
0003e1 915f      	POP  R21
                 __CDF10:
0003e2 9508      	RET
                 
                 __ZERORES:
0003e3 27ee      	CLR  R30
0003e4 27ff      	CLR  R31
0003e5 2766      	CLR  R22
0003e6 2777      	CLR  R23
0003e7 915f      	POP  R21
0003e8 9508      	RET
                 
                 __MINRES:
0003e9 efef      	SER  R30
0003ea efff      	SER  R31
0003eb e76f      	LDI  R22,0x7F
0003ec ef7f      	SER  R23
0003ed 915f      	POP  R21
0003ee 9508      	RET
                 
                 __MAXRES:
0003ef efef      	SER  R30
0003f0 efff      	SER  R31
0003f1 e76f      	LDI  R22,0x7F
0003f2 e77f      	LDI  R23,0x7F
0003f3 915f      	POP  R21
0003f4 9508      	RET
                 
                 __DIVF21:
0003f5 935f      	PUSH R21
0003f6 df86      	RCALL __UNPACK
0003f7 3870      	CPI  R23,0x80
0003f8 f421      	BRNE __DIVF210
0003f9 2011      	TST  R1
                 __DIVF211:
0003fa f40a      	BRPL __DIVF219
0003fb cfed      	RJMP __MINRES
                 __DIVF219:
0003fc cff2      	RJMP __MAXRES
                 __DIVF210:
0003fd 3890      	CPI  R25,0x80
0003fe f409      	BRNE __DIVF218
                 __DIVF217:
0003ff cfe3      	RJMP __ZERORES
                 __DIVF218:
000400 2401      	EOR  R0,R1
000401 9408      	SEC
000402 0b97      	SBC  R25,R23
000403 f41b      	BRVC __DIVF216
000404 f3d4      	BRLT __DIVF217
000405 2000      	TST  R0
000406 cff3      	RJMP __DIVF211
                 __DIVF216:
000407 2f79      	MOV  R23,R25
000408 931f      	PUSH R17
000409 932f      	PUSH R18
00040a 933f      	PUSH R19
00040b 934f      	PUSH R20
00040c 2411      	CLR  R1
00040d 2711      	CLR  R17
00040e 2722      	CLR  R18
00040f 2733      	CLR  R19
000410 2744      	CLR  R20
000411 2755      	CLR  R21
000412 e290      	LDI  R25,32
                 __DIVF212:
000413 17ae      	CP   R26,R30
000414 07bf      	CPC  R27,R31
000415 0786      	CPC  R24,R22
000416 0741      	CPC  R20,R17
000417 f030      	BRLO __DIVF213
000418 1bae      	SUB  R26,R30
000419 0bbf      	SBC  R27,R31
00041a 0b86      	SBC  R24,R22
00041b 0b41      	SBC  R20,R17
00041c 9408      	SEC
00041d c001      	RJMP __DIVF214
                 __DIVF213:
00041e 9488      	CLC
                 __DIVF214:
00041f 1f55      	ROL  R21
000420 1f22      	ROL  R18
000421 1f33      	ROL  R19
000422 1c11      	ROL  R1
000423 1faa      	ROL  R26
000424 1fbb      	ROL  R27
000425 1f88      	ROL  R24
000426 1f44      	ROL  R20
000427 959a      	DEC  R25
000428 f751      	BRNE __DIVF212
000429 01f9      	MOVW R30,R18
00042a 2d61      	MOV  R22,R1
00042b 914f      	POP  R20
00042c 913f      	POP  R19
00042d 912f      	POP  R18
00042e 911f      	POP  R17
00042f 2366      	TST  R22
000430 f032      	BRMI __DIVF215
000431 0f55      	LSL  R21
000432 1fee      	ROL  R30
000433 1fff      	ROL  R31
000434 1f66      	ROL  R22
000435 957a      	DEC  R23
000436 f243      	BRVS __DIVF217
                 __DIVF215:
000437 df29      	RCALL __ROUND_REPACK
000438 915f      	POP  R21
000439 9508      	RET
                 
                 __ADDW2R15:
00043a 2400      	CLR  R0
00043b 0daf      	ADD  R26,R15
00043c 1db0      	ADC  R27,R0
00043d 9508      	RET
                 
                 __ANEGW1:
00043e 95f1      	NEG  R31
00043f 95e1      	NEG  R30
000440 40f0      	SBCI R31,0
000441 9508      	RET
                 
                 __ANEGD1:
000442 95f0      	COM  R31
000443 9560      	COM  R22
000444 9570      	COM  R23
000445 95e1      	NEG  R30
000446 4fff      	SBCI R31,-1
000447 4f6f      	SBCI R22,-1
000448 4f7f      	SBCI R23,-1
000449 9508      	RET
                 
                 __CWD1:
00044a 2f6f      	MOV  R22,R31
00044b 0f66      	ADD  R22,R22
00044c 0b66      	SBC  R22,R22
00044d 2f76      	MOV  R23,R22
00044e 9508      	RET
                 
                 __GETW1P:
00044f 91ed      	LD   R30,X+
000450 91fc      	LD   R31,X
000451 9711      	SBIW R26,1
000452 9508      	RET
                 
                 __GETW1PF:
000453 9005      	LPM  R0,Z+
000454 91f4      	LPM  R31,Z
000455 2de0      	MOV  R30,R0
000456 9508      	RET
                 
                 __PUTPARD1:
000457 937a      	ST   -Y,R23
000458 936a      	ST   -Y,R22
000459 93fa      	ST   -Y,R31
00045a 93ea      	ST   -Y,R30
00045b 9508      	RET
                 
                 __SAVELOCR6:
00045c 935a      	ST   -Y,R21
                 __SAVELOCR5:
00045d 934a      	ST   -Y,R20
                 __SAVELOCR4:
00045e 933a      	ST   -Y,R19
                 __SAVELOCR3:
00045f 932a      	ST   -Y,R18
                 __SAVELOCR2:
000460 931a      	ST   -Y,R17
000461 930a      	ST   -Y,R16
000462 9508      	RET
                 
                 __LOADLOCR6:
000463 815d      	LDD  R21,Y+5
                 __LOADLOCR5:
000464 814c      	LDD  R20,Y+4
                 __LOADLOCR4:
000465 813b      	LDD  R19,Y+3
                 __LOADLOCR3:
000466 812a      	LDD  R18,Y+2
                 __LOADLOCR2:
000467 8119      	LDD  R17,Y+1
000468 8108      	LD   R16,Y
000469 9508      	RET
                 
                 ;END OF CODE MARKER
                 __END_OF_CODE:


RESOURCE USE INFORMATION
------------------------

Notice:
The register and instruction counts are symbol table hit counts,
and hence implicitly used resources are not counted, eg, the
'lpm' instruction without operands implicitly uses r0 and z,
none of which are counted.

x,y,z are separate entities in the symbol table and are
counted separately from r26..r31 here.

.dseg memory usage only counts static data declared with .byte

ATmega32 register use summary:
r0 :  20 r1 :  12 r2 :   0 r3 :   0 r4 :   2 r5 :   0 r6 :   4 r7 :   4 
r8 :   0 r9 :   2 r10:   0 r11:   0 r12:   0 r13:   0 r14:   0 r15:   4 
r16:  34 r17:  29 r18:  34 r19:  12 r20:  15 r21:  57 r22:  38 r23:  34 
r24:  31 r25:  13 r26: 103 r27:  41 r28:  14 r29:   1 r30: 208 r31:  76 
x  :  23 y  : 167 z  :  15 
Registers used: 26 out of 35 (74.3%)

ATmega32 instruction use summary:
.lds  :   0 .lds.l:   0 .sts  :   0 .sts.l:   0 adc   :   3 add   :   4 
adiw  :  25 and   :   2 andi  :   6 asr   :   0 bclr  :   0 bld   :   1 
brbc  :   0 brbs  :   0 brcc  :   1 brcs  :   0 break :   0 breq  :  21 
brge  :   0 brhc  :   0 brhs  :   0 brid  :   0 brie  :   0 brlo  :  12 
brlt  :   1 brmi  :   4 brne  :  38 brpl  :   6 brsh  :   2 brtc  :   1 
brts  :   1 brvc  :   1 brvs  :   2 bset  :   0 bst   :   0 call  :  56 
cbi   :   5 cbr   :   0 clc   :   1 clh   :   0 cli   :   1 cln   :   0 
clr   :  22 cls   :   0 clt   :   2 clv   :   0 clz   :   0 com   :   4 
cp    :   5 cpc   :   5 cpi   :  42 cpse  :   0 dec   :  13 des   :   0 
eor   :   4 fmul  :   0 fmuls :   0 fmulsu:   0 icall :   2 ijmp  :   0 
in    :   4 inc   :   2 jmp   :  24 ld    :  26 ldd   :  77 ldi   : 104 
lds   :   0 lpm   :  14 lsl   :   9 lsr   :   1 mov   :  31 movw  :  19 
mul   :   1 muls  :   0 mulsu :   0 neg   :   4 nop   :   0 or    :   1 
ori   :   7 out   :  44 pop   :  11 push  :  10 rcall :  21 ret   :  34 
reti  :   0 rjmp  :  76 rol   :  19 ror   :   7 sbc   :   6 sbci  :   7 
sbi   :   7 sbic  :   0 sbis  :   1 sbiw  :  18 sbr   :   0 sbrc  :   2 
sbrs  :  11 sec   :   2 seh   :   0 sei   :   0 sen   :   0 ser   :   8 
ses   :   0 set   :   2 sev   :   0 sez   :   0 sleep :   0 spm   :   0 
st    :  59 std   :  31 sts   :   2 sub   :   3 subi  :  17 swap  :   1 
tst   :  14 wdr   :   1 
Instructions used: 72 out of 116 (62.1%)

ATmega32 memory use summary [bytes]:
Segment   Begin    End      Code   Data   Used    Size   Use%
---------------------------------------------------------------
[.cseg] 0x000000 0x0008d4   2222     38   2260   32768   6.9%
[.dseg] 0x000060 0x000278      0     24     24    2048   1.2%
[.eseg] 0x000000 0x000000      0      0      0    1024   0.0%

Assembly complete, 0 errors, 6 warnings
